
ROM used:   1937/8192 (24%)
            1937/8192 (24%) including unused fragments

            2.0 Average locations per line
            17.8 Average locations per statement

RAM used:   31/368 (8%) at main() level
            53/368 (14%) worst case

Stack used: 7 worst case (7 in main + 0 for interrupts)
Stack size: 8

Lines Stmts  %   Files
----- ----- ---  -----
  133    62  57  hx711_MD.c
  708     0   0  C:\Program Files (x86)\PICC\Devices\16F877A.h
  117    47  43  I2C_LCD.c
----- -----
  958   109 Total

Page ROM  %  RAM    Vol Diff  Functions:
---- --- --- ---    --- ----  ----------
0     21   1    1             @delay_ms1
0     16   1    1    596  5.9  @I2C_WRITEU_129
0     24   1    2    153  2.7  LCD_Write_Nibble
0     16   1    2    104  2.6  LCD_Cmd
0     39   2    3    323  5.5  LCD_Goto
 Inline         2    104  2.6  LCD_Out
 Inline         1    502  2.9  LCD_Begin
0     19   1    2    117  2.3  Expander_Write
0     22   1    3    138  3.1  i2c_probe_8bit
0     78   4    1    138  2.6  lcd_init
0     47   2    1    268  4.1  lcd_putc
 Inline        12    720  8.5  hx711_read_raw
0    305  16    6    157  4.7  hx711_read_avg
 Inline        14             @DIVS3232
0    258  13   12    599  6.2  MAIN
0     14   1    0             @const747
0     86   4    4             @PSTRINGC7_731
0     11   1    0             @const752
0     14   1    0             @const754
0     48   2    5             @SDTOF
0    204  11   14             @DIVFF
0     65   3   10             @FLT
0      9   0    0             @const764
 Inline        13             @MULFF
 Inline         5             @FTOSD
0     79   4   13             @DIV3232
0    341  18   13             @PRINTF_L32D_731FPFPF
0     89   5    5             @PSTRINGCN7_731
0    128   7   12             @PRINTF_L32D_731
 Inline         0             @cinit1

Program metrics:
    Functions               13
    Statements              109
    Comments                166
    Volume (V)              6484
    Difficulty (D)          51.9
    Effort to implement (E) 336474
    Time to implement (T)   5 hours, 12 minutes
    Est Delivered Bugs (B)  2
    Cyclomatic Complexity   16
    Maintainability (MI)    70

 Segment     Used  Free
-----------  ----  ----
00000-00003     4  0  
00004-007FF  1933  111  
00800-00FFF     0  2048  
01000-017FF     0  2048  
01800-01FFF     0  2048  



