CCS PCM C Compiler, Version 5.109, 43599               21-Dec-25 10:43

               Filename:   D:\LTVDK\Baitap\Code\vidieukhienbaocao\hx711_l2.lst

               ROM used:   2450 words (30%)
                           Largest free fragment is 2048
               RAM used:   69 (19%) at main() level
                           91 (25%) worst case
               Stack used: 5 locations
               Stack size: 8

*
0000:  MOVLW  08
0001:  MOVWF  0A
0002:  GOTO   000
0003:  NOP
.................... #include <16f877a.h>
.................... //////////// Standard Header file for the PIC16F877A device ////////////////
.................... ///////////////////////////////////////////////////////////////////////////
.................... ////        (C) Copyright 1996, 2020 Custom Computer Services          ////
.................... //// This source code may only be used by licensed users of the CCS C  ////
.................... //// compiler.  This source code may only be distributed to other      ////
.................... //// licensed users of the CCS C compiler.  No other use, reproduction ////
.................... //// or distribution is permitted without written permission.          ////
.................... //// Derivative programs created using this software in object code    ////
.................... //// form are not restricted in any way.                               ////
.................... ///////////////////////////////////////////////////////////////////////////
.................... #device PIC16F877A
0004:  DATA CC,37
0005:  DATA 61,32
0006:  DATA 69,37
0007:  DATA 67,00
0008:  DATA CC,37
0009:  DATA 61,32
000A:  DATA 69,37
000B:  DATA 67,17
000C:  DATA 00,01
000D:  DATA CC,37
000E:  DATA 61,32
000F:  DATA 69,37
0010:  DATA 67,17
0011:  DATA 2E,00
0012:  DATA CC,37
0013:  DATA 61,32
0014:  DATA 69,37
0015:  DATA 67,17
0016:  DATA 2E,17
0017:  DATA 00,01
0018:  DATA 20,10
0019:  DATA 20,10
001A:  DATA 20,10
001B:  DATA 20,10
001C:  DATA 20,10
001D:  DATA 20,10
001E:  DATA 20,10
001F:  DATA 20,10
0020:  DATA 20,10
0021:  DATA 00,01
0022:  DATA 20,10
0023:  DATA 20,10
0024:  DATA 20,10
0025:  DATA 20,10
0026:  DATA 20,10
0027:  DATA 20,10
0028:  DATA 20,10
0029:  DATA 20,10
002A:  DATA 20,10
002B:  DATA 00,01
002C:  DATA D3,30
002D:  DATA 6E,10
002E:  DATA F3,30
002F:  DATA EE,33
0030:  DATA 21,00
0031:  DATA C3,20
0032:  DATA 4E,10
0033:  DATA CE,20
0034:  DATA CE,23
0035:  DATA 3A,00
0036:  DATA C3,20
0037:  DATA 4E,10
0038:  DATA CE,20
0039:  DATA CE,23
003A:  DATA 3A,00
003B:  DATA 20,10
003C:  DATA 20,10
003D:  DATA 20,10
003E:  DATA 00,01
*
010E:  MOVF   0B,W
010F:  MOVWF  5C
0110:  BCF    0B.7
0111:  BSF    03.5
0112:  BSF    03.6
0113:  BSF    0C.7
0114:  BSF    0C.0
0115:  NOP
0116:  NOP
0117:  BCF    03.5
0118:  BCF    03.6
0119:  BTFSC  5C.7
011A:  BSF    0B.7
011B:  BSF    03.6
011C:  MOVF   0C,W
011D:  ANDLW  7F
011E:  BTFSC  03.2
011F:  GOTO   162
0120:  BCF    03.6
0121:  MOVWF  5C
0122:  BSF    03.6
0123:  MOVF   0D,W
0124:  BCF    03.6
0125:  MOVWF  5D
0126:  BSF    03.6
0127:  MOVF   0F,W
0128:  BCF    03.6
0129:  MOVWF  5E
012A:  MOVF   5C,W
012B:  MOVWF  69
012C:  CALL   0FE
012D:  MOVF   5D,W
012E:  BSF    03.6
012F:  MOVWF  0D
0130:  BCF    03.6
0131:  MOVF   5E,W
0132:  BSF    03.6
0133:  MOVWF  0F
0134:  BCF    03.6
0135:  MOVF   0B,W
0136:  MOVWF  5F
0137:  BCF    0B.7
0138:  BSF    03.5
0139:  BSF    03.6
013A:  BSF    0C.7
013B:  BSF    0C.0
013C:  NOP
013D:  NOP
013E:  BCF    03.5
013F:  BCF    03.6
0140:  BTFSC  5F.7
0141:  BSF    0B.7
0142:  BSF    03.6
0143:  RLF    0C,W
0144:  RLF    0E,W
0145:  ANDLW  7F
0146:  BTFSC  03.2
0147:  GOTO   162
0148:  BCF    03.6
0149:  MOVWF  5C
014A:  BSF    03.6
014B:  MOVF   0D,W
014C:  BCF    03.6
014D:  MOVWF  5D
014E:  BSF    03.6
014F:  MOVF   0F,W
0150:  BCF    03.6
0151:  MOVWF  5E
0152:  MOVF   5C,W
0153:  MOVWF  69
0154:  CALL   0FE
0155:  MOVF   5D,W
0156:  BSF    03.6
0157:  MOVWF  0D
0158:  BCF    03.6
0159:  MOVF   5E,W
015A:  BSF    03.6
015B:  MOVWF  0F
015C:  INCF   0D,F
015D:  BTFSC  03.2
015E:  INCF   0F,F
015F:  BCF    03.6
0160:  GOTO   10E
0161:  BSF    03.6
0162:  BCF    03.6
0163:  RETURN
0164:  BTFSC  03.1
0165:  GOTO   169
0166:  MOVLW  71
0167:  MOVWF  04
0168:  BCF    03.7
0169:  CLRF   77
016A:  CLRF   78
016B:  CLRF   79
016C:  CLRF   7A
016D:  CLRF   71
016E:  CLRF   72
016F:  CLRF   73
0170:  CLRF   74
0171:  MOVF   70,W
0172:  IORWF  6F,W
0173:  IORWF  6E,W
0174:  IORWF  6D,W
0175:  BTFSC  03.2
0176:  GOTO   1A7
0177:  MOVLW  20
0178:  MOVWF  75
0179:  BCF    03.0
017A:  RLF    69,F
017B:  RLF    6A,F
017C:  RLF    6B,F
017D:  RLF    6C,F
017E:  RLF    71,F
017F:  RLF    72,F
0180:  RLF    73,F
0181:  RLF    74,F
0182:  MOVF   70,W
0183:  SUBWF  74,W
0184:  BTFSS  03.2
0185:  GOTO   190
0186:  MOVF   6F,W
0187:  SUBWF  73,W
0188:  BTFSS  03.2
0189:  GOTO   190
018A:  MOVF   6E,W
018B:  SUBWF  72,W
018C:  BTFSS  03.2
018D:  GOTO   190
018E:  MOVF   6D,W
018F:  SUBWF  71,W
0190:  BTFSS  03.0
0191:  GOTO   1A1
0192:  MOVF   6D,W
0193:  SUBWF  71,F
0194:  MOVF   6E,W
0195:  BTFSS  03.0
0196:  INCFSZ 6E,W
0197:  SUBWF  72,F
0198:  MOVF   6F,W
0199:  BTFSS  03.0
019A:  INCFSZ 6F,W
019B:  SUBWF  73,F
019C:  MOVF   70,W
019D:  BTFSS  03.0
019E:  INCFSZ 70,W
019F:  SUBWF  74,F
01A0:  BSF    03.0
01A1:  RLF    77,F
01A2:  RLF    78,F
01A3:  RLF    79,F
01A4:  RLF    7A,F
01A5:  DECFSZ 75,F
01A6:  GOTO   179
01A7:  MOVF   71,W
01A8:  MOVWF  00
01A9:  INCF   04,F
01AA:  MOVF   72,W
01AB:  MOVWF  00
01AC:  INCF   04,F
01AD:  MOVF   73,W
01AE:  MOVWF  00
01AF:  INCF   04,F
01B0:  MOVF   74,W
01B1:  MOVWF  00
01B2:  RETURN
*
0233:  MOVLW  B6
0234:  MOVWF  77
0235:  CLRF   7A
0236:  CLRF   79
0237:  CLRF   78
0238:  BCF    60.0
0239:  BTFSS  5F.7
023A:  GOTO   249
023B:  BSF    60.0
023C:  COMF   5C,F
023D:  COMF   5D,F
023E:  COMF   5E,F
023F:  COMF   5F,F
0240:  INCF   5C,F
0241:  BTFSS  03.2
0242:  GOTO   249
0243:  INCF   5D,F
0244:  BTFSS  03.2
0245:  GOTO   249
0246:  INCF   5E,F
0247:  BTFSC  03.2
0248:  INCF   5F,F
0249:  MOVF   5C,W
024A:  IORWF  5D,W
024B:  IORWF  5E,W
024C:  IORWF  5F,W
024D:  BTFSS  03.2
024E:  GOTO   251
024F:  CLRF   77
0250:  GOTO   260
0251:  BCF    03.0
0252:  BTFSC  78.7
0253:  GOTO   25D
0254:  RLF    5C,F
0255:  RLF    5D,F
0256:  RLF    5E,F
0257:  RLF    5F,F
0258:  RLF    7A,F
0259:  RLF    79,F
025A:  RLF    78,F
025B:  DECFSZ 77,F
025C:  GOTO   251
025D:  BCF    78.7
025E:  BTFSC  60.0
025F:  BSF    78.7
0260:  BSF    0A.3
0261:  BCF    0A.4
0262:  GOTO   233 (RETURN)
0263:  MOVF   60,W
0264:  BTFSC  03.2
0265:  GOTO   328
0266:  MOVWF  6C
0267:  MOVF   64,W
0268:  BTFSC  03.2
0269:  GOTO   328
026A:  SUBWF  6C,F
026B:  BTFSS  03.0
026C:  GOTO   272
026D:  MOVLW  7F
026E:  ADDWF  6C,F
026F:  BTFSC  03.0
0270:  GOTO   328
0271:  GOTO   278
0272:  MOVLW  81
0273:  SUBWF  6C,F
0274:  BTFSS  03.0
0275:  GOTO   328
0276:  BTFSC  03.2
0277:  GOTO   328
0278:  MOVF   6C,W
0279:  MOVWF  77
027A:  CLRF   78
027B:  CLRF   79
027C:  CLRF   7A
027D:  CLRF   6B
027E:  MOVF   61,W
027F:  MOVWF  6A
0280:  BSF    6A.7
0281:  MOVF   62,W
0282:  MOVWF  69
0283:  MOVF   63,W
0284:  MOVWF  68
0285:  MOVLW  19
0286:  MOVWF  6C
0287:  MOVF   67,W
0288:  SUBWF  68,F
0289:  BTFSC  03.0
028A:  GOTO   29B
028B:  MOVLW  01
028C:  SUBWF  69,F
028D:  BTFSC  03.0
028E:  GOTO   29B
028F:  SUBWF  6A,F
0290:  BTFSC  03.0
0291:  GOTO   29B
0292:  SUBWF  6B,F
0293:  BTFSC  03.0
0294:  GOTO   29B
0295:  INCF   6B,F
0296:  INCF   6A,F
0297:  INCF   69,F
0298:  MOVF   67,W
0299:  ADDWF  68,F
029A:  GOTO   2CD
029B:  MOVF   66,W
029C:  SUBWF  69,F
029D:  BTFSC  03.0
029E:  GOTO   2B6
029F:  MOVLW  01
02A0:  SUBWF  6A,F
02A1:  BTFSC  03.0
02A2:  GOTO   2B6
02A3:  SUBWF  6B,F
02A4:  BTFSC  03.0
02A5:  GOTO   2B6
02A6:  INCF   6B,F
02A7:  INCF   6A,F
02A8:  MOVF   66,W
02A9:  ADDWF  69,F
02AA:  MOVF   67,W
02AB:  ADDWF  68,F
02AC:  BTFSS  03.0
02AD:  GOTO   2CD
02AE:  INCF   69,F
02AF:  BTFSS  03.2
02B0:  GOTO   2CD
02B1:  INCF   6A,F
02B2:  BTFSS  03.2
02B3:  GOTO   2CD
02B4:  INCF   6B,F
02B5:  GOTO   2CD
02B6:  MOVF   65,W
02B7:  IORLW  80
02B8:  SUBWF  6A,F
02B9:  BTFSC  03.0
02BA:  GOTO   2CC
02BB:  MOVLW  01
02BC:  SUBWF  6B,F
02BD:  BTFSC  03.0
02BE:  GOTO   2CC
02BF:  INCF   6B,F
02C0:  MOVF   65,W
02C1:  IORLW  80
02C2:  ADDWF  6A,F
02C3:  MOVF   66,W
02C4:  ADDWF  69,F
02C5:  BTFSS  03.0
02C6:  GOTO   2AA
02C7:  INCF   6A,F
02C8:  BTFSS  03.2
02C9:  GOTO   2AA
02CA:  INCF   6B,F
02CB:  GOTO   2AA
02CC:  BSF    7A.0
02CD:  DECFSZ 6C,F
02CE:  GOTO   2D0
02CF:  GOTO   2DB
02D0:  BCF    03.0
02D1:  RLF    68,F
02D2:  RLF    69,F
02D3:  RLF    6A,F
02D4:  RLF    6B,F
02D5:  BCF    03.0
02D6:  RLF    7A,F
02D7:  RLF    79,F
02D8:  RLF    78,F
02D9:  RLF    6D,F
02DA:  GOTO   287
02DB:  BTFSS  6D.0
02DC:  GOTO   2E3
02DD:  BCF    03.0
02DE:  RRF    78,F
02DF:  RRF    79,F
02E0:  RRF    7A,F
02E1:  RRF    6D,F
02E2:  GOTO   2E6
02E3:  DECF   77,F
02E4:  BTFSC  03.2
02E5:  GOTO   328
02E6:  BTFSC  6D.7
02E7:  GOTO   30F
02E8:  BCF    03.0
02E9:  RLF    68,F
02EA:  RLF    69,F
02EB:  RLF    6A,F
02EC:  RLF    6B,F
02ED:  MOVF   67,W
02EE:  SUBWF  68,F
02EF:  BTFSC  03.0
02F0:  GOTO   2FB
02F1:  MOVLW  01
02F2:  SUBWF  69,F
02F3:  BTFSC  03.0
02F4:  GOTO   2FB
02F5:  SUBWF  6A,F
02F6:  BTFSC  03.0
02F7:  GOTO   2FB
02F8:  SUBWF  6B,F
02F9:  BTFSS  03.0
02FA:  GOTO   31E
02FB:  MOVF   66,W
02FC:  SUBWF  69,F
02FD:  BTFSC  03.0
02FE:  GOTO   306
02FF:  MOVLW  01
0300:  SUBWF  6A,F
0301:  BTFSC  03.0
0302:  GOTO   306
0303:  SUBWF  6B,F
0304:  BTFSS  03.0
0305:  GOTO   31E
0306:  MOVF   65,W
0307:  IORLW  80
0308:  SUBWF  6A,F
0309:  BTFSC  03.0
030A:  GOTO   30F
030B:  MOVLW  01
030C:  SUBWF  6B,F
030D:  BTFSS  03.0
030E:  GOTO   31E
030F:  INCF   7A,F
0310:  BTFSS  03.2
0311:  GOTO   31E
0312:  INCF   79,F
0313:  BTFSS  03.2
0314:  GOTO   31E
0315:  INCF   78,F
0316:  BTFSS  03.2
0317:  GOTO   31E
0318:  INCF   77,F
0319:  BTFSC  03.2
031A:  GOTO   328
031B:  RRF    78,F
031C:  RRF    79,F
031D:  RRF    7A,F
031E:  MOVF   61,W
031F:  MOVWF  6C
0320:  MOVF   65,W
0321:  XORWF  6C,F
0322:  BTFSS  6C.7
0323:  GOTO   326
0324:  BSF    78.7
0325:  GOTO   32C
0326:  BCF    78.7
0327:  GOTO   32C
0328:  CLRF   77
0329:  CLRF   78
032A:  CLRF   79
032B:  CLRF   7A
032C:  RETURN
032D:  MOVF   5D,W
032E:  MOVWF  64
032F:  MOVF   61,W
0330:  XORWF  64,F
0331:  BTFSS  64.7
0332:  GOTO   338
0333:  BCF    03.2
0334:  BCF    03.0
0335:  BTFSC  5D.7
0336:  BSF    03.0
0337:  GOTO   36B
0338:  MOVF   5D,W
0339:  MOVWF  64
033A:  MOVF   60,W
033B:  MOVWF  65
033C:  MOVF   5C,W
033D:  SUBWF  65,F
033E:  BTFSC  03.2
033F:  GOTO   346
0340:  BTFSS  64.7
0341:  GOTO   36B
0342:  MOVF   03,W
0343:  XORLW  01
0344:  MOVWF  03
0345:  GOTO   36B
0346:  MOVF   61,W
0347:  MOVWF  65
0348:  MOVF   5D,W
0349:  SUBWF  65,F
034A:  BTFSC  03.2
034B:  GOTO   352
034C:  BTFSS  64.7
034D:  GOTO   36B
034E:  MOVF   03,W
034F:  XORLW  01
0350:  MOVWF  03
0351:  GOTO   36B
0352:  MOVF   62,W
0353:  MOVWF  65
0354:  MOVF   5E,W
0355:  SUBWF  65,F
0356:  BTFSC  03.2
0357:  GOTO   35E
0358:  BTFSS  64.7
0359:  GOTO   36B
035A:  MOVF   03,W
035B:  XORLW  01
035C:  MOVWF  03
035D:  GOTO   36B
035E:  MOVF   63,W
035F:  MOVWF  65
0360:  MOVF   5F,W
0361:  SUBWF  65,F
0362:  BTFSC  03.2
0363:  GOTO   36A
0364:  BTFSS  64.7
0365:  GOTO   36B
0366:  MOVF   03,W
0367:  XORLW  01
0368:  MOVWF  03
0369:  GOTO   36B
036A:  BCF    03.0
036B:  RETURN
036C:  MOVF   69,W
036D:  BTFSC  03.2
036E:  GOTO   3DC
036F:  MOVWF  71
0370:  MOVF   6D,W
0371:  BTFSC  03.2
0372:  GOTO   3DC
0373:  ADDWF  71,F
0374:  BTFSC  03.0
0375:  GOTO   37D
0376:  MOVLW  7F
0377:  SUBWF  71,F
0378:  BTFSS  03.0
0379:  GOTO   3DC
037A:  BTFSC  03.2
037B:  GOTO   3DC
037C:  GOTO   381
037D:  MOVLW  81
037E:  ADDWF  71,F
037F:  BTFSC  03.0
0380:  GOTO   3DC
0381:  MOVF   71,W
0382:  MOVWF  77
0383:  CLRF   78
0384:  CLRF   79
0385:  CLRF   7A
0386:  MOVF   6A,W
0387:  MOVWF  75
0388:  BSF    75.7
0389:  MOVF   6B,W
038A:  MOVWF  74
038B:  MOVF   6C,W
038C:  MOVWF  73
038D:  MOVLW  18
038E:  MOVWF  71
038F:  CLRF   72
0390:  BTFSS  73.0
0391:  GOTO   3AA
0392:  MOVF   70,W
0393:  ADDWF  7A,F
0394:  BTFSS  03.0
0395:  GOTO   39C
0396:  INCF   79,F
0397:  BTFSS  03.2
0398:  GOTO   39C
0399:  INCF   78,F
039A:  BTFSC  03.2
039B:  BSF    72.7
039C:  MOVF   6F,W
039D:  ADDWF  79,F
039E:  BTFSS  03.0
039F:  GOTO   3A3
03A0:  INCF   78,F
03A1:  BTFSC  03.2
03A2:  BSF    72.7
03A3:  MOVF   6E,W
03A4:  MOVWF  6B
03A5:  BSF    6B.7
03A6:  MOVF   6B,W
03A7:  ADDWF  78,F
03A8:  BTFSC  03.0
03A9:  BSF    72.7
03AA:  RLF    72,F
03AB:  RRF    78,F
03AC:  RRF    79,F
03AD:  RRF    7A,F
03AE:  RRF    75,F
03AF:  RRF    74,F
03B0:  RRF    73,F
03B1:  BCF    03.0
03B2:  DECFSZ 71,F
03B3:  GOTO   38F
03B4:  MOVLW  01
03B5:  ADDWF  77,F
03B6:  BTFSC  03.0
03B7:  GOTO   3DC
03B8:  BTFSC  78.7
03B9:  GOTO   3C1
03BA:  RLF    75,F
03BB:  RLF    7A,F
03BC:  RLF    79,F
03BD:  RLF    78,F
03BE:  DECF   77,F
03BF:  BTFSC  03.2
03C0:  GOTO   3DC
03C1:  BTFSS  75.7
03C2:  GOTO   3D2
03C3:  INCF   7A,F
03C4:  BTFSS  03.2
03C5:  GOTO   3D2
03C6:  INCF   79,F
03C7:  BTFSS  03.2
03C8:  GOTO   3D2
03C9:  INCF   78,F
03CA:  BTFSS  03.2
03CB:  GOTO   3D2
03CC:  RRF    78,F
03CD:  RRF    79,F
03CE:  RRF    7A,F
03CF:  INCF   77,F
03D0:  BTFSC  03.2
03D1:  GOTO   3DC
03D2:  MOVF   6A,W
03D3:  MOVWF  72
03D4:  MOVF   6E,W
03D5:  XORWF  72,F
03D6:  BTFSS  72.7
03D7:  GOTO   3DA
03D8:  BSF    78.7
03D9:  GOTO   3E0
03DA:  BCF    78.7
03DB:  GOTO   3E0
03DC:  CLRF   77
03DD:  CLRF   78
03DE:  CLRF   79
03DF:  CLRF   7A
03E0:  RETURN
03E1:  MOVLW  80
03E2:  BTFSC  03.1
03E3:  XORWF  65,F
03E4:  CLRF   6A
03E5:  CLRF   6B
03E6:  MOVF   61,W
03E7:  MOVWF  69
03E8:  MOVF   65,W
03E9:  XORWF  69,F
03EA:  MOVF   60,W
03EB:  BTFSC  03.2
03EC:  GOTO   4D1
03ED:  MOVWF  68
03EE:  MOVWF  77
03EF:  MOVF   64,W
03F0:  BTFSC  03.2
03F1:  GOTO   4DA
03F2:  SUBWF  68,F
03F3:  BTFSC  03.2
03F4:  GOTO   476
03F5:  BTFSS  03.0
03F6:  GOTO   434
03F7:  MOVF   65,W
03F8:  MOVWF  6E
03F9:  BSF    6E.7
03FA:  MOVF   66,W
03FB:  MOVWF  6D
03FC:  MOVF   67,W
03FD:  MOVWF  6C
03FE:  CLRF   6B
03FF:  BCF    03.0
0400:  RRF    6E,F
0401:  RRF    6D,F
0402:  RRF    6C,F
0403:  RRF    6B,F
0404:  DECFSZ 68,F
0405:  GOTO   3FE
0406:  BTFSS  69.7
0407:  GOTO   40B
0408:  BSF    6A.0
0409:  GOTO   4EE
040A:  BCF    6A.0
040B:  BCF    68.0
040C:  BSF    6A.4
040D:  MOVLW  63
040E:  MOVWF  04
040F:  BCF    03.7
0410:  GOTO   503
0411:  BCF    6A.4
0412:  BTFSC  69.7
0413:  GOTO   41E
0414:  BTFSS  68.0
0415:  GOTO   429
0416:  RRF    6E,F
0417:  RRF    6D,F
0418:  RRF    6C,F
0419:  RRF    6B,F
041A:  INCF   77,F
041B:  BTFSC  03.2
041C:  GOTO   4E9
041D:  GOTO   429
041E:  BTFSC  6E.7
041F:  GOTO   42C
0420:  BCF    03.0
0421:  RLF    6B,F
0422:  RLF    6C,F
0423:  RLF    6D,F
0424:  RLF    6E,F
0425:  DECF   77,F
0426:  BTFSC  03.2
0427:  GOTO   4E9
0428:  GOTO   41E
0429:  BSF    6A.6
042A:  GOTO   496
042B:  BCF    6A.6
042C:  MOVF   61,W
042D:  MOVWF  69
042E:  BTFSS  69.7
042F:  GOTO   432
0430:  BSF    6E.7
0431:  GOTO   4E2
0432:  BCF    6E.7
0433:  GOTO   4E2
0434:  MOVF   64,W
0435:  MOVWF  68
0436:  MOVWF  77
0437:  MOVF   60,W
0438:  SUBWF  68,F
0439:  MOVF   61,W
043A:  MOVWF  6E
043B:  BSF    6E.7
043C:  MOVF   62,W
043D:  MOVWF  6D
043E:  MOVF   63,W
043F:  MOVWF  6C
0440:  CLRF   6B
0441:  BCF    03.0
0442:  RRF    6E,F
0443:  RRF    6D,F
0444:  RRF    6C,F
0445:  RRF    6B,F
0446:  DECFSZ 68,F
0447:  GOTO   440
0448:  BTFSS  69.7
0449:  GOTO   44D
044A:  BSF    6A.1
044B:  GOTO   4EE
044C:  BCF    6A.1
044D:  BCF    68.0
044E:  BSF    6A.5
044F:  MOVLW  67
0450:  MOVWF  04
0451:  BCF    03.7
0452:  GOTO   503
0453:  BCF    6A.5
0454:  BTFSC  69.7
0455:  GOTO   460
0456:  BTFSS  68.0
0457:  GOTO   46B
0458:  RRF    6E,F
0459:  RRF    6D,F
045A:  RRF    6C,F
045B:  RRF    6B,F
045C:  INCF   77,F
045D:  BTFSC  03.2
045E:  GOTO   4E9
045F:  GOTO   46B
0460:  BTFSC  6E.7
0461:  GOTO   46E
0462:  BCF    03.0
0463:  RLF    6B,F
0464:  RLF    6C,F
0465:  RLF    6D,F
0466:  RLF    6E,F
0467:  DECF   77,F
0468:  BTFSC  03.2
0469:  GOTO   4E9
046A:  GOTO   460
046B:  BSF    6A.7
046C:  GOTO   496
046D:  BCF    6A.7
046E:  MOVF   65,W
046F:  MOVWF  69
0470:  BTFSS  69.7
0471:  GOTO   474
0472:  BSF    6E.7
0473:  GOTO   4E2
0474:  BCF    6E.7
0475:  GOTO   4E2
0476:  MOVF   65,W
0477:  MOVWF  6E
0478:  BSF    6E.7
0479:  MOVF   66,W
047A:  MOVWF  6D
047B:  MOVF   67,W
047C:  MOVWF  6C
047D:  BTFSS  69.7
047E:  GOTO   483
047F:  BCF    6E.7
0480:  BSF    6A.2
0481:  GOTO   4EE
0482:  BCF    6A.2
0483:  CLRF   6B
0484:  BCF    68.0
0485:  MOVLW  63
0486:  MOVWF  04
0487:  BCF    03.7
0488:  GOTO   503
0489:  BTFSC  69.7
048A:  GOTO   4AC
048B:  MOVF   61,W
048C:  MOVWF  69
048D:  BTFSS  68.0
048E:  GOTO   496
048F:  RRF    6E,F
0490:  RRF    6D,F
0491:  RRF    6C,F
0492:  RRF    6B,F
0493:  INCF   77,F
0494:  BTFSC  03.2
0495:  GOTO   4E9
0496:  BTFSS  6B.7
0497:  GOTO   4A7
0498:  INCF   6C,F
0499:  BTFSS  03.2
049A:  GOTO   4A7
049B:  INCF   6D,F
049C:  BTFSS  03.2
049D:  GOTO   4A7
049E:  INCF   6E,F
049F:  BTFSS  03.2
04A0:  GOTO   4A7
04A1:  RRF    6E,F
04A2:  RRF    6D,F
04A3:  RRF    6C,F
04A4:  INCF   77,F
04A5:  BTFSC  03.2
04A6:  GOTO   4E9
04A7:  BTFSC  6A.6
04A8:  GOTO   42B
04A9:  BTFSC  6A.7
04AA:  GOTO   46D
04AB:  GOTO   4CB
04AC:  MOVLW  80
04AD:  XORWF  6E,F
04AE:  BTFSS  6E.7
04AF:  GOTO   4B4
04B0:  GOTO   4EE
04B1:  MOVF   65,W
04B2:  MOVWF  69
04B3:  GOTO   4C1
04B4:  MOVF   61,W
04B5:  MOVWF  69
04B6:  MOVF   6E,F
04B7:  BTFSS  03.2
04B8:  GOTO   4C1
04B9:  MOVF   6D,F
04BA:  BTFSS  03.2
04BB:  GOTO   4C1
04BC:  MOVF   6C,F
04BD:  BTFSS  03.2
04BE:  GOTO   4C1
04BF:  CLRF   77
04C0:  GOTO   4E2
04C1:  BTFSC  6E.7
04C2:  GOTO   4CB
04C3:  BCF    03.0
04C4:  RLF    6B,F
04C5:  RLF    6C,F
04C6:  RLF    6D,F
04C7:  RLF    6E,F
04C8:  DECFSZ 77,F
04C9:  GOTO   4C1
04CA:  GOTO   4E9
04CB:  BTFSS  69.7
04CC:  GOTO   4CF
04CD:  BSF    6E.7
04CE:  GOTO   4E2
04CF:  BCF    6E.7
04D0:  GOTO   4E2
04D1:  MOVF   64,W
04D2:  MOVWF  77
04D3:  MOVF   65,W
04D4:  MOVWF  6E
04D5:  MOVF   66,W
04D6:  MOVWF  6D
04D7:  MOVF   67,W
04D8:  MOVWF  6C
04D9:  GOTO   4E2
04DA:  MOVF   60,W
04DB:  MOVWF  77
04DC:  MOVF   61,W
04DD:  MOVWF  6E
04DE:  MOVF   62,W
04DF:  MOVWF  6D
04E0:  MOVF   63,W
04E1:  MOVWF  6C
04E2:  MOVF   6E,W
04E3:  MOVWF  78
04E4:  MOVF   6D,W
04E5:  MOVWF  79
04E6:  MOVF   6C,W
04E7:  MOVWF  7A
04E8:  GOTO   521
04E9:  CLRF   77
04EA:  CLRF   78
04EB:  CLRF   79
04EC:  CLRF   7A
04ED:  GOTO   521
04EE:  CLRF   6B
04EF:  COMF   6C,F
04F0:  COMF   6D,F
04F1:  COMF   6E,F
04F2:  COMF   6B,F
04F3:  INCF   6B,F
04F4:  BTFSS  03.2
04F5:  GOTO   4FC
04F6:  INCF   6C,F
04F7:  BTFSS  03.2
04F8:  GOTO   4FC
04F9:  INCF   6D,F
04FA:  BTFSC  03.2
04FB:  INCF   6E,F
04FC:  BTFSC  6A.0
04FD:  GOTO   40A
04FE:  BTFSC  6A.1
04FF:  GOTO   44C
0500:  BTFSC  6A.2
0501:  GOTO   482
0502:  GOTO   4B1
0503:  MOVF   00,W
0504:  ADDWF  6C,F
0505:  BTFSS  03.0
0506:  GOTO   50D
0507:  INCF   6D,F
0508:  BTFSS  03.2
0509:  GOTO   50D
050A:  INCF   6E,F
050B:  BTFSC  03.2
050C:  BSF    68.0
050D:  DECF   04,F
050E:  MOVF   00,W
050F:  ADDWF  6D,F
0510:  BTFSS  03.0
0511:  GOTO   515
0512:  INCF   6E,F
0513:  BTFSC  03.2
0514:  BSF    68.0
0515:  DECF   04,F
0516:  MOVF   00,W
0517:  BTFSS  00.7
0518:  XORLW  80
0519:  ADDWF  6E,F
051A:  BTFSC  03.0
051B:  BSF    68.0
051C:  BTFSC  6A.4
051D:  GOTO   411
051E:  BTFSC  6A.5
051F:  GOTO   453
0520:  GOTO   489
0521:  RETURN
0522:  MOVLW  8E
0523:  MOVWF  77
0524:  MOVF   5C,W
0525:  SUBWF  77,F
0526:  MOVF   5D,W
0527:  MOVWF  79
0528:  MOVF   5E,W
0529:  MOVWF  78
052A:  BSF    79.7
052B:  MOVF   77,F
052C:  BTFSC  03.2
052D:  GOTO   539
052E:  BCF    03.0
052F:  MOVF   79,F
0530:  BTFSS  03.2
0531:  GOTO   535
0532:  MOVF   78,F
0533:  BTFSC  03.2
0534:  GOTO   539
0535:  RRF    79,F
0536:  RRF    78,F
0537:  DECFSZ 77,F
0538:  GOTO   52E
0539:  BTFSS  5D.7
053A:  GOTO   540
053B:  COMF   78,F
053C:  COMF   79,F
053D:  INCF   78,F
053E:  BTFSC  03.2
053F:  INCF   79,F
0540:  BSF    0A.3
0541:  BCF    0A.4
0542:  GOTO   2A4 (RETURN)
0543:  MOVLW  8E
0544:  MOVWF  77
0545:  MOVF   5E,W
0546:  MOVWF  78
0547:  MOVF   5D,W
0548:  MOVWF  79
0549:  CLRF   7A
054A:  MOVF   78,F
054B:  BTFSS  03.2
054C:  GOTO   557
054D:  MOVF   79,W
054E:  MOVWF  78
054F:  CLRF   79
0550:  MOVLW  08
0551:  SUBWF  77,F
0552:  MOVF   78,F
0553:  BTFSS  03.2
0554:  GOTO   557
0555:  CLRF   77
0556:  GOTO   55F
0557:  BCF    03.0
0558:  BTFSC  78.7
0559:  GOTO   55E
055A:  RLF    79,F
055B:  RLF    78,F
055C:  DECF   77,F
055D:  GOTO   557
055E:  BCF    78.7
055F:  BSF    0A.3
0560:  BCF    0A.4
0561:  GOTO   2AA (RETURN)
0562:  MOVF   04,W
0563:  MOVWF  61
0564:  MOVF   60,W
0565:  MOVWF  63
0566:  BTFSC  03.2
0567:  GOTO   581
0568:  MOVF   5F,W
0569:  MOVWF  6C
056A:  MOVF   5E,W
056B:  MOVWF  6B
056C:  MOVF   5D,W
056D:  MOVWF  6A
056E:  MOVF   5C,W
056F:  MOVWF  69
0570:  CLRF   70
0571:  CLRF   6F
0572:  MOVLW  20
0573:  MOVWF  6E
0574:  MOVLW  82
0575:  MOVWF  6D
0576:  CALL   36C
0577:  MOVF   7A,W
0578:  MOVWF  5F
0579:  MOVF   79,W
057A:  MOVWF  5E
057B:  MOVF   78,W
057C:  MOVWF  5D
057D:  MOVF   77,W
057E:  MOVWF  5C
057F:  DECFSZ 63,F
0580:  GOTO   568
0581:  MOVF   5F,W
0582:  MOVWF  6C
0583:  MOVF   5E,W
0584:  MOVWF  6B
0585:  MOVF   5D,W
0586:  MOVWF  6A
0587:  MOVF   5C,W
0588:  MOVWF  69
0589:  MOVF   69,W
058A:  SUBLW  B6
058B:  MOVWF  69
058C:  CLRF   7A
058D:  MOVF   6A,W
058E:  MOVWF  6D
058F:  BSF    6A.7
0590:  BCF    03.0
0591:  RRF    6A,F
0592:  RRF    6B,F
0593:  RRF    6C,F
0594:  RRF    7A,F
0595:  RRF    79,F
0596:  RRF    78,F
0597:  RRF    77,F
0598:  DECFSZ 69,F
0599:  GOTO   590
059A:  BTFSS  6D.7
059B:  GOTO   5A7
059C:  COMF   77,F
059D:  COMF   78,F
059E:  COMF   79,F
059F:  COMF   7A,F
05A0:  INCF   77,F
05A1:  BTFSC  03.2
05A2:  INCF   78,F
05A3:  BTFSC  03.2
05A4:  INCF   79,F
05A5:  BTFSC  03.2
05A6:  INCF   7A,F
05A7:  MOVF   7A,W
05A8:  MOVWF  5F
05A9:  MOVF   79,W
05AA:  MOVWF  5E
05AB:  MOVF   78,W
05AC:  MOVWF  5D
05AD:  MOVF   77,W
05AE:  MOVWF  5C
05AF:  BTFSS  5F.7
05B0:  GOTO   5BE
05B1:  DECF   61,F
05B2:  BSF    61.5
05B3:  COMF   5C,F
05B4:  COMF   5D,F
05B5:  COMF   5E,F
05B6:  COMF   5F,F
05B7:  INCF   5C,F
05B8:  BTFSC  03.2
05B9:  INCF   5D,F
05BA:  BTFSC  03.2
05BB:  INCF   5E,F
05BC:  BTFSC  03.2
05BD:  INCF   5F,F
05BE:  MOVLW  3B
05BF:  MOVWF  68
05C0:  MOVLW  9A
05C1:  MOVWF  67
05C2:  MOVLW  CA
05C3:  MOVWF  66
05C4:  CLRF   65
05C5:  MOVLW  0A
05C6:  MOVWF  63
05C7:  MOVF   60,W
05C8:  BTFSC  03.2
05C9:  INCF   61,F
05CA:  BSF    03.1
05CB:  MOVLW  5C
05CC:  MOVWF  04
05CD:  BCF    03.7
05CE:  MOVF   5F,W
05CF:  MOVWF  6C
05D0:  MOVF   5E,W
05D1:  MOVWF  6B
05D2:  MOVF   5D,W
05D3:  MOVWF  6A
05D4:  MOVF   5C,W
05D5:  MOVWF  69
05D6:  MOVF   68,W
05D7:  MOVWF  70
05D8:  MOVF   67,W
05D9:  MOVWF  6F
05DA:  MOVF   66,W
05DB:  MOVWF  6E
05DC:  MOVF   65,W
05DD:  MOVWF  6D
05DE:  CALL   164
05DF:  MOVF   78,W
05E0:  MOVF   77,F
05E1:  BTFSS  03.2
05E2:  GOTO   5F6
05E3:  INCF   60,W
05E4:  SUBWF  63,W
05E5:  BTFSC  03.2
05E6:  GOTO   5F6
05E7:  MOVF   61,W
05E8:  BTFSC  03.2
05E9:  GOTO   5F8
05EA:  ANDLW  0F
05EB:  SUBWF  63,W
05EC:  BTFSC  03.2
05ED:  GOTO   5F0
05EE:  BTFSC  03.0
05EF:  GOTO   628
05F0:  BTFSC  61.7
05F1:  GOTO   628
05F2:  BTFSC  61.6
05F3:  GOTO   5F8
05F4:  MOVLW  20
05F5:  GOTO   624
05F6:  MOVLW  20
05F7:  ANDWF  61,F
05F8:  BTFSS  61.5
05F9:  GOTO   606
05FA:  BCF    61.5
05FB:  MOVF   60,W
05FC:  BTFSS  03.2
05FD:  DECF   61,F
05FE:  MOVF   77,W
05FF:  MOVWF  61
0600:  MOVLW  2D
0601:  MOVWF  69
0602:  CALL   0FE
0603:  MOVF   61,W
0604:  MOVWF  77
0605:  CLRF   61
0606:  MOVF   60,W
0607:  SUBWF  63,W
0608:  BTFSS  03.2
0609:  GOTO   614
060A:  MOVF   77,W
060B:  MOVWF  61
060C:  MOVLW  2E
060D:  MOVWF  69
060E:  CALL   0FE
060F:  MOVF   61,W
0610:  MOVWF  77
0611:  MOVLW  20
0612:  ANDWF  61,F
0613:  MOVLW  00
0614:  MOVLW  30
0615:  BTFSS  61.5
0616:  GOTO   624
0617:  BCF    61.5
0618:  MOVF   60,W
0619:  BTFSS  03.2
061A:  DECF   61,F
061B:  MOVF   77,W
061C:  MOVWF  61
061D:  MOVLW  2D
061E:  MOVWF  69
061F:  CALL   0FE
0620:  MOVF   61,W
0621:  MOVWF  77
0622:  CLRF   61
0623:  MOVLW  30
0624:  ADDWF  77,F
0625:  MOVF   77,W
0626:  MOVWF  69
0627:  CALL   0FE
0628:  BCF    03.1
0629:  MOVF   68,W
062A:  MOVWF  6C
062B:  MOVF   67,W
062C:  MOVWF  6B
062D:  MOVF   66,W
062E:  MOVWF  6A
062F:  MOVF   65,W
0630:  MOVWF  69
0631:  CLRF   70
0632:  CLRF   6F
0633:  CLRF   6E
0634:  MOVLW  0A
0635:  MOVWF  6D
0636:  CALL   164
0637:  MOVF   7A,W
0638:  MOVWF  68
0639:  MOVF   79,W
063A:  MOVWF  67
063B:  MOVF   78,W
063C:  MOVWF  66
063D:  MOVF   77,W
063E:  MOVWF  65
063F:  DECFSZ 63,F
0640:  GOTO   5CA
0641:  BSF    0A.3
0642:  BCF    0A.4
0643:  GOTO   330 (RETURN)
.................... 
.................... #list
.................... 
.................... #include <def_877a.h>
.................... #define W 0
.................... #define F 1
.................... 
.................... //----- Register Files------------------------------------------------------
.................... 
.................... #byte INDF =0x00
.................... #byte TMR0 =0x01 
.................... #byte PCL =0x02 
.................... #byte STATUS =0x03 
.................... #byte FSR =0x04 
.................... #byte PORTA =0x05 
.................... #byte PORTB =0x06 
.................... #byte PORTC =0x07
.................... 
.................... #byte PCLATH =0x0A 
.................... #byte PIR1 =0x0C
.................... #byte PIR2 =0x0D
.................... 
.................... #byte TMR1L =0x0E
.................... #byte TMR1H =0x0F
.................... #byte T1CON =0x10
.................... #byte TMR2 =0x11
.................... #byte T2CON =0x12
.................... 
.................... #byte SSPCON =0x14
.................... #byte CCPR1L =0x15
.................... #byte CCPR1H =0x16
.................... #byte CCP1CON =0x17
.................... #byte RCSTA =0x18
.................... #byte TXREG =0x19
.................... #byte RCREG =0x1A
.................... #byte CCPR2L =0x1B
.................... #byte CCPR2H =0x1C
.................... #byte CCP2CON =0x1D 
.................... 
.................... #byte ADRESH =0x1E
.................... #byte ADCON0 =0x1F
.................... 
.................... /* bank 1 registers */
.................... 
.................... #byte OPTION_REG =0x81
.................... 
.................... #byte TRISA =0x85
.................... #byte TRISB =0x86
.................... #byte TRISC =0x87
.................... 
.................... #byte PIE1 =0x8C
.................... #byte PIE2 =0x8D
.................... #byte PCON =0x8E
.................... 
.................... #byte SSPCON2 =0x91
.................... #byte PR2 =0x92
.................... #byte SSPADD =0x93
.................... #byte SSPSTAT =0x94
.................... 
.................... #byte TXSTA =0x98
.................... #byte SPBRG =0x99
.................... 
.................... #byte ADRESL =0x9E
.................... #byte ADCON1 =0x9F
.................... 
.................... /* bank 2 registers */
.................... 
.................... #byte EEDATA =0x010C
.................... #byte EEADR =0x010D
.................... #byte EEDATH =0x010E
.................... #byte EEADRH =0x010F
.................... 
.................... /* bank 3 registers */
.................... 
.................... #byte EECON1 =0x018C
.................... #byte EECON2 =0x018D
.................... 
.................... 
.................... //----- STATUS Bits --------------------------------------------------------
.................... 
.................... // For Assembly Language - Note upper case
.................... #define IRP 7
.................... #define RP1 6
.................... #define RP0 5
.................... #define NOT_TO 4
.................... #define NOT_PD 3
.................... #define Z 2
.................... #define DC 1
.................... #define C 0
.................... 
.................... //----- INTCON Bits for c --------------------------------------------------------
.................... 
.................... #bit gie = 0x0b.7
.................... #bit eeie = 0x0b.6
.................... #bit t0ie = 0x0b.5
.................... #bit inte = 0x0b.4
.................... #bit rbie = 0x0b.3
.................... #bit t0if = 0x0b.2
.................... #bit intf = 0x0b.1
.................... #bit rbif = 0x0b.0
.................... 
.................... //---------PORTA bits------------------
.................... #bit ra5 =0x05.5
.................... #bit ra4 =0x05.4
.................... #bit ra3 =0x05.3
.................... #bit ra2 =0x05.2
.................... #bit ra1 =0x05.1
.................... #bit ra0 =0x05.0
.................... 
.................... //---------PORTB bits------------------
.................... #bit rb7 =0x06.7
.................... #bit rb6 =0x06.6
.................... #bit rb5 =0x06.5
.................... #bit rb4 =0x06.4
.................... #bit rb3 =0x06.3
.................... #bit rb2 =0x06.2
.................... #bit rb1 =0x06.1
.................... #bit rb0 =0x06.0
.................... 
.................... //---------PORTC bits------------------
.................... #bit rc7 =0x07.7
.................... #bit rc6 =0x07.6
.................... #bit rc5 =0x07.5
.................... #bit rc4 =0x07.4
.................... #bit rc3 =0x07.3
.................... #bit rc2 =0x07.2
.................... #bit rc1 =0x07.1
.................... #bit rc0 =0x07.0
.................... 
.................... //----- PIR1 Bits ----------------------------------------------------------
.................... #bit PSPIF =0x0C.7
.................... #bit ADIF =0x0C.6
.................... #bit RCIF =0x0C.5
.................... #bit TXIF =0x0C.4
.................... #bit SSPIF =0x0C.3
.................... #bit CCP1IF =0x0C.2
.................... #bit TMR2IF =0x0C.1
.................... #bit TMR1IF =0x0C.0
.................... 
.................... //----- PIR2 Bits ----------------------------------------------------------
.................... #bit CMIF =0x0D.6
.................... #bit EEIF =0x0D.4
.................... #bit BCLIF =0x0D.3
.................... #bit CCP2IF =0x0D.0
.................... 
.................... //----- T1CON Bits ---------------------------------------------------------
.................... #bit T1CKPS1 =0x10.5
.................... #bit T1CKPS0 =0x10.4
.................... #bit T1OSCEN =0x10.3
.................... #bit T1SYNC =0x10.2
.................... #bit TMR1CS =0x10.1
.................... #bit TMR1ON =0x10.0
.................... 
.................... //----- T2CON Bits ---------------------------------------------------------
.................... #bit TOUTPS3 =0x12.6
.................... #bit TOUTPS2 =0x12.5
.................... #bit TOUTPS1 =0x12.4
.................... #bit TOUTPS0 =0x12.3
.................... #bit TMR2ON =0x12.2
.................... #bit T2CKPS1 =0x12.1
.................... #bit T2CKPS0 =0x12.0
.................... 
.................... //-------------SSPCON bits--------------------------
.................... #bit WCOL =0x14.7
.................... #bit SSPOV =0x14.6
.................... #bit SSPEN =0x14.5 
.................... #bit CKP =0x14.4
.................... #bit SSPM3 =0x14.3
.................... #bit SSPM2 =0x14.2
.................... #bit SSPM1 =0x14.1
.................... #bit SSPM0 =0x14.0
.................... 
.................... //---------------CCP1CON bits--------
.................... #bit CCP1X =0x17.5
.................... #bit CCP1Y =0x17.4
.................... #bit CCP1M3 =0x17.3
.................... #bit CCP1M2 =0x17.2
.................... #bit CCP1M1 =0x17.1
.................... #bit CCP1M0 =0x17.0
.................... 
.................... //---------------RCSTA bits-------------------
.................... 
.................... #bit SPEN =0x18.7
.................... #bit RX9 =0x18.6
.................... #bit SREN =0x18.5
.................... #bit CREN =0x18.4
.................... #bit ADDEN =0x18.3
.................... #bit FERR =0x18.2
.................... #bit OERR =0x18.1
.................... #bit RX9D =0x18.0
.................... 
.................... //-----------------------CCP2CON bits----------
.................... 
.................... #bit CCP2X =0x1D.5
.................... #bit CCP2Y =0x1D.4
.................... #bit CCP2M3 =0x1D.3
.................... #bit CCP2M2 =0x1D.2
.................... #bit CCP2M1 =0x1D.1
.................... #bit CCP2M0 =0x1D.0
.................... 
.................... //----- ADCON0 Bits --------------------------------------------------------
.................... #bit ADCS1 =0x1F.7
.................... #bit ADCS0 =0x1F.6
.................... #bit CHS2 =0x1F.5 
.................... #bit CHS1 =0x1F.4
.................... #bit CHS0 =0x1F.3
.................... #bit ADGO =0x1F.2
.................... #bit ADON =0x1F.0
.................... 
.................... //----- OPTION_reg Bits --------------------------------------------------------
.................... 
.................... #bit RBPU =0x81.7 
.................... #bit INTEDG =0x81.6 
.................... #bit T0CS =0x81.5 
.................... #bit T0SE =0x81.4 
.................... #bit PSA =0x81.3 
.................... #bit PS2 =0x81.2 
.................... #bit PS1 =0x81.1 
.................... #bit PS0 =0x81.0 
.................... 
.................... //------------------TRISA bits---------------------------
.................... 
.................... #bit TRISA5 =0x85.5
.................... #bit TRISA4 =0x85.4
.................... #bit TRISA3 =0x85.3
.................... #bit TRISA2 =0x85.2
.................... #bit TRISA1 =0x85.1 
.................... #bit TRISA0 =0x85.0
.................... 
.................... //-----------------TRISB bits-----------------------------
.................... 
.................... #bit TRISB7 =0x86.7
.................... #bit TRISB6 =0x86.6 
.................... #bit TRISB5 =0x86.5
.................... #bit TRISB4 =0x86.4 
.................... #bit TRISB3 =0x86.3
.................... #bit TRISB2 =0x86.2
.................... #bit TRISB1 =0x86.1 
.................... #bit TRISB0 =0x86.0 
.................... 
.................... //----------------TRISC bits-------------------
.................... 
.................... #bit TRISC7 =0x87.7
.................... #bit TRISC6 =0x87.6
.................... #bit TRISC5 =0x87.5 
.................... #bit TRISC4 =0x87.4
.................... #bit TRISC3 =0x87.3
.................... #bit TRISC2 =0x87.2 
.................... #bit TRISC1 =0x87.1
.................... #bit TRISC0 =0x87.0
.................... 
.................... //----- PIE1 Bits ----------------------------------------------------------
.................... 
.................... #bit PSPIE =0x8C.7
.................... #bit ADIE =0x8C.6
.................... #bit RCIE =0x8C.5 
.................... #bit TXIE =0x8C.4 
.................... #bit SSPIE =0x8C.3
.................... #bit CCP1IE =0x8C.2 
.................... #bit TMR2IE =0x8C.1
.................... #bit TMR1IE =0x8C.0
.................... 
.................... //----- PIE2 Bits -----------------------------------------------------
.................... 
.................... #bit CMIE =0x8D.6
.................... #bit EEIE =0x8D.4
.................... #bit BCLIE =0x8D.3
.................... #bit CCP2IE =0x8D.0
.................... 
.................... //----- PCON Bits ----------------------------------------------------------
.................... 
.................... #bit POR =0x8E.1
.................... #bit BOD =0x8E.0
.................... 
.................... //-----------SSPCON2 bits---------------------------------------------
.................... 
.................... #bit GCEN =0x91.7
.................... #bit ACKSTAT =0x91.6
.................... #bit ACKDT =0x91.5 
.................... #bit ACKEN =0x91.4
.................... #bit RCEN =0x91.3 
.................... #bit PEN =0x91.2
.................... #bit RSEN =0x91.1
.................... #bit SEN =0x91.0 
.................... 
.................... //---------------------SSPSTAT bits------------------------
.................... 
.................... #bit STAT_SMP =0x94.7
.................... #bit STAT_CKE =0x94.6
.................... #bit STAT_DA =0x94.5
.................... #bit STAT_P =0x94.4
.................... #bit STAT_S =0x94.3
.................... #bit STAT_RW =0x94.2
.................... #bit STAT_UA =0x94.1
.................... #bit STAT_BF =0x94.0
.................... 
.................... //----------------TXSTA bits-----------------
.................... 
.................... #bit CSRC =0x98.7
.................... #bit TX9 =0x98.6
.................... #bit TXEN =0x98.5 
.................... #bit SYNC =0x98.4
.................... #bit BRGH =0x98.2
.................... #bit TRMT =0x98.1
.................... #bit TX9D =0x98.0
.................... 
.................... //--------------ADCON1 bits---------------
.................... 
.................... #bit ADFM =0x9F.7
.................... #bit ADCS2 =0x9F.6
.................... #bit PCFG3 =0x9F.3
.................... #bit PCFG2 =0x9F.2
.................... #bit PCFG1 =0x9F.1 
.................... #bit PCFG0 =0x9F.0
.................... 
.................... //-----------EECON1 bits----------
.................... 
.................... #bit EEPGD =0x018C.7
.................... #bit WRERR =0x018C.3
.................... #bit WREN =0x018C.2 
.................... #bit WR =0x018C.1
.................... #bit RD =0x018C.0
.................... 
.................... #device *=16 ADC=8
.................... #FUSES NOWDT, HS, NOPUT, NODEBUG, NOBROWNOUT, NOLVP, NOCPD, NOWRT
.................... #use delay(clock = 20MHz)
*
003F:  MOVLW  61
0040:  MOVWF  04
0041:  BCF    03.7
0042:  MOVF   00,W
0043:  BTFSC  03.2
0044:  GOTO   052
0045:  MOVLW  06
0046:  MOVWF  78
0047:  CLRF   77
0048:  DECFSZ 77,F
0049:  GOTO   048
004A:  DECFSZ 78,F
004B:  GOTO   047
004C:  MOVLW  7B
004D:  MOVWF  77
004E:  DECFSZ 77,F
004F:  GOTO   04E
0050:  DECFSZ 00,F
0051:  GOTO   045
0052:  RETURN
.................... 
.................... #define DT1        PIN_C0
.................... #define SCK        PIN_C1
.................... #define RESET_BTN  PIN_A0
.................... #define ONOFF_BTN  PIN_A1
.................... #define LCD_POWER  PIN_A2
.................... 
.................... #use i2c(MASTER, SDA=PIN_C4, SCL=PIN_C3, stream=I2C_LCD, FAST)
0053:  BCF    14.7
0054:  BCF    0C.3
0055:  MOVF   6F,W
0056:  MOVWF  13
0057:  MOVLW  02
0058:  BTFSC  14.7
0059:  GOTO   061
005A:  BSF    03.5
005B:  BTFSC  14.2
005C:  GOTO   05B
005D:  MOVLW  00
005E:  BTFSC  11.6
005F:  MOVLW  01
0060:  BCF    03.5
0061:  MOVWF  78
0062:  RETURN
.................... #include <I2C_LCD.c>   // thu vi?n I2C b?n dã cung c?p
.................... // CCS C driver code for I2C LCDs (HD44780 compliant controllers)
.................... // https://simple-circuit.com/
.................... 
.................... 
.................... 
.................... #define LCD_BACKLIGHT          0x08
.................... #define LCD_NOBACKLIGHT        0x00
.................... #define LCD_FIRST_ROW          0x80
.................... #define LCD_SECOND_ROW         0xC0
.................... #define LCD_THIRD_ROW          0x94
.................... #define LCD_FOURTH_ROW         0xD4
.................... #define LCD_CLEAR              0x01
.................... #define LCD_RETURN_HOME        0x02
.................... #define LCD_ENTRY_MODE_SET     0x04
.................... #define LCD_CURSOR_OFF         0x0C
.................... #define LCD_UNDERLINE_ON       0x0E
.................... #define LCD_BLINK_CURSOR_ON    0x0F
.................... #define LCD_MOVE_CURSOR_LEFT   0x10
.................... #define LCD_MOVE_CURSOR_RIGHT  0x14
.................... #define LCD_TURN_ON            0x0C
.................... #define LCD_TURN_OFF           0x08
.................... #define LCD_SHIFT_LEFT         0x18
.................... #define LCD_SHIFT_RIGHT        0x1E
.................... 
.................... #ifndef LCD_TYPE
....................    #define LCD_TYPE 2           // 0=5x7, 1=5x10, 2=2 lines
.................... #endif
.................... 
.................... 
.................... int1 RS;
.................... unsigned int8 i2c_addr, backlight_val = LCD_BACKLIGHT;
.................... 
.................... void LCD_Write_Nibble(unsigned int8 n);
.................... void LCD_Cmd(unsigned int8 Command);
.................... void LCD_Goto(unsigned int8 col, unsigned int8 row);
.................... void LCD_Out(unsigned int8 LCD_Char);
.................... void LCD_Begin(unsigned int8 _i2c_addr);
.................... void Backlight();
.................... void noBacklight();
.................... void Expander_Write(unsigned int8 value);
.................... 
.................... void LCD_Write_Nibble(unsigned int8 n) {
....................   n |= RS;
*
0076:  MOVLW  00
0077:  BTFSC  21.0
0078:  MOVLW  01
0079:  IORWF  6B,F
....................   Expander_Write(n);
007A:  MOVF   6B,W
007B:  MOVWF  6D
007C:  CALL   063
....................   Expander_Write(n | 0x04);
007D:  MOVF   6B,W
007E:  IORLW  04
007F:  MOVWF  6C
0080:  MOVWF  6D
0081:  CALL   063
....................   delay_us(1);
0082:  GOTO   083
0083:  GOTO   084
0084:  NOP
....................   Expander_Write(n & 0xFB);
0085:  MOVF   6B,W
0086:  ANDLW  FB
0087:  MOVWF  6C
0088:  MOVWF  6D
0089:  CALL   063
....................   delay_us(50);
008A:  MOVLW  53
008B:  MOVWF  77
008C:  DECFSZ 77,F
008D:  GOTO   08C
008E:  RETURN
.................... }
.................... 
.................... void LCD_Cmd(unsigned int8 Command) {
....................   RS = 0;
008F:  BCF    21.0
....................   LCD_Write_Nibble(Command & 0xF0);
0090:  MOVF   5F,W
0091:  ANDLW  F0
0092:  MOVWF  60
0093:  MOVWF  6B
0094:  CALL   076
....................   LCD_Write_Nibble((Command << 4) & 0xF0);
0095:  SWAPF  5F,W
0096:  MOVWF  77
0097:  MOVLW  F0
0098:  ANDWF  77,F
0099:  MOVF   77,W
009A:  ANDLW  F0
009B:  MOVWF  60
009C:  MOVWF  6B
009D:  CALL   076
009E:  RETURN
.................... }
.................... 
.................... void LCD_Goto(unsigned int8 col, unsigned int8 row) {
....................   switch(row) {
*
00D7:  MOVF   5D,W
00D8:  XORLW  02
00D9:  BTFSC  03.2
00DA:  GOTO   0E2
00DB:  XORLW  01
00DC:  BTFSC  03.2
00DD:  GOTO   0E9
00DE:  XORLW  07
00DF:  BTFSC  03.2
00E0:  GOTO   0F0
00E1:  GOTO   0F7
....................     case 2:
....................       LCD_Cmd(0xC0 + col-1);
00E2:  MOVLW  C0
00E3:  ADDWF  5C,W
00E4:  ADDLW  FF
00E5:  MOVWF  5E
00E6:  MOVWF  5F
00E7:  CALL   08F
....................       break;
00E8:  GOTO   0FD
....................     case 3:
....................       LCD_Cmd(0x94 + col-1);
00E9:  MOVLW  94
00EA:  ADDWF  5C,W
00EB:  ADDLW  FF
00EC:  MOVWF  5E
00ED:  MOVWF  5F
00EE:  CALL   08F
....................       break;
00EF:  GOTO   0FD
....................     case 4:
....................       LCD_Cmd(0xD4 + col-1);
00F0:  MOVLW  D4
00F1:  ADDWF  5C,W
00F2:  ADDLW  FF
00F3:  MOVWF  5E
00F4:  MOVWF  5F
00F5:  CALL   08F
....................     break;
00F6:  GOTO   0FD
....................     default:      // case 1:
....................       LCD_Cmd(0x80 + col-1);
00F7:  MOVLW  80
00F8:  ADDWF  5C,W
00F9:  ADDLW  FF
00FA:  MOVWF  5E
00FB:  MOVWF  5F
00FC:  CALL   08F
....................   }
00FD:  RETURN
.................... }
.................... 
.................... void LCD_Out(unsigned int8 LCD_Char){
....................   RS = 1;
00FE:  BSF    21.0
....................   LCD_Write_Nibble(LCD_Char & 0xF0);
00FF:  MOVF   69,W
0100:  ANDLW  F0
0101:  MOVWF  6A
0102:  MOVWF  6B
0103:  CALL   076
....................   LCD_Write_Nibble((LCD_Char << 4) & 0xF0);
0104:  SWAPF  69,W
0105:  MOVWF  77
0106:  MOVLW  F0
0107:  ANDWF  77,F
0108:  MOVF   77,W
0109:  ANDLW  F0
010A:  MOVWF  6A
010B:  MOVWF  6B
010C:  CALL   076
010D:  RETURN
.................... }
.................... 
.................... void LCD_Begin(unsigned int8 _i2c_addr) {
....................   i2c_addr = _i2c_addr;
*
009F:  MOVF   5C,W
00A0:  MOVWF  22
....................   Expander_Write(0);
00A1:  CLRF   6D
00A2:  CALL   063
....................   delay_ms(40);
00A3:  MOVLW  28
00A4:  MOVWF  61
00A5:  CALL   03F
....................   LCD_Cmd(3);
00A6:  MOVLW  03
00A7:  MOVWF  5F
00A8:  CALL   08F
....................   delay_ms(5);
00A9:  MOVLW  05
00AA:  MOVWF  61
00AB:  CALL   03F
....................   LCD_Cmd(3);
00AC:  MOVLW  03
00AD:  MOVWF  5F
00AE:  CALL   08F
....................   delay_ms(5);
00AF:  MOVLW  05
00B0:  MOVWF  61
00B1:  CALL   03F
....................   LCD_Cmd(3);
00B2:  MOVLW  03
00B3:  MOVWF  5F
00B4:  CALL   08F
....................   delay_ms(5);
00B5:  MOVLW  05
00B6:  MOVWF  61
00B7:  CALL   03F
....................   LCD_Cmd(LCD_RETURN_HOME);
00B8:  MOVLW  02
00B9:  MOVWF  5F
00BA:  CALL   08F
....................   delay_ms(5);
00BB:  MOVLW  05
00BC:  MOVWF  61
00BD:  CALL   03F
....................   LCD_Cmd(0x20 | (LCD_TYPE << 2));
00BE:  MOVLW  28
00BF:  MOVWF  5F
00C0:  CALL   08F
....................   delay_ms(50);
00C1:  MOVLW  32
00C2:  MOVWF  61
00C3:  CALL   03F
....................   LCD_Cmd(LCD_TURN_ON);
00C4:  MOVLW  0C
00C5:  MOVWF  5F
00C6:  CALL   08F
....................   delay_ms(50);
00C7:  MOVLW  32
00C8:  MOVWF  61
00C9:  CALL   03F
....................   LCD_Cmd(LCD_CLEAR);
00CA:  MOVLW  01
00CB:  MOVWF  5F
00CC:  CALL   08F
....................   delay_ms(50);
00CD:  MOVLW  32
00CE:  MOVWF  61
00CF:  CALL   03F
....................   LCD_Cmd(LCD_ENTRY_MODE_SET | LCD_RETURN_HOME);
00D0:  MOVLW  06
00D1:  MOVWF  5F
00D2:  CALL   08F
....................   delay_ms(50);
00D3:  MOVLW  32
00D4:  MOVWF  61
00D5:  CALL   03F
00D6:  RETURN
.................... }
.................... 
.................... void Backlight() {
....................   backlight_val = LCD_BACKLIGHT;
....................   Expander_Write(0);
.................... }
.................... 
.................... void noBacklight() {
....................   backlight_val = LCD_NOBACKLIGHT;
....................   Expander_Write(0);
.................... }
.................... 
.................... void Expander_Write(unsigned int8 value) {
....................   I2C_Start(I2C_LCD);
*
0063:  BSF    03.5
0064:  BSF    11.0
0065:  BTFSC  11.0
0066:  GOTO   065
....................   I2C_Write(I2C_LCD, i2c_addr);
0067:  BCF    03.5
0068:  MOVF   22,W
0069:  MOVWF  6F
006A:  CALL   053
....................   I2C_Write(I2C_LCD, value | backlight_val);
006B:  MOVF   6D,W
006C:  IORWF  23,W
006D:  MOVWF  6E
006E:  MOVWF  6F
006F:  CALL   053
....................   I2C_Stop(I2C_LCD);
0070:  BSF    03.5
0071:  BSF    11.2
0072:  BTFSC  11.2
0073:  GOTO   072
0074:  BCF    03.5
0075:  RETURN
.................... }
.................... 
.................... 
.................... float SCALE = 880.0;   
.................... int1 system_on = TRUE;
.................... 
.................... // -------- HX711 d?c 24-bit ----------
.................... unsigned int32 readCount(void) {
*
01BC:  CLRF   64
01BD:  CLRF   63
01BE:  CLRF   62
01BF:  CLRF   61
....................    unsigned int32 data = 0;
....................    unsigned int8 j;
....................    output_bit(DT1, 1);
01C0:  BSF    07.0
01C1:  BCF    20.0
01C2:  MOVF   20,W
01C3:  BSF    03.5
01C4:  MOVWF  07
....................    output_bit(SCK, 0);
01C5:  BCF    03.5
01C6:  BCF    07.1
01C7:  BCF    20.1
01C8:  MOVF   20,W
01C9:  BSF    03.5
01CA:  MOVWF  07
....................    while (input(DT1));        // ch? DRDY
01CB:  BCF    03.5
01CC:  BSF    20.0
01CD:  MOVF   20,W
01CE:  BSF    03.5
01CF:  MOVWF  07
01D0:  BCF    03.5
01D1:  BTFSC  07.0
01D2:  GOTO   1CC
....................    for (j = 0; j < 24; j++) {
01D3:  CLRF   65
01D4:  MOVF   65,W
01D5:  SUBLW  17
01D6:  BTFSS  03.0
01D7:  GOTO   1FA
....................       output_bit(SCK, 1);
01D8:  BSF    07.1
01D9:  BCF    20.1
01DA:  MOVF   20,W
01DB:  BSF    03.5
01DC:  MOVWF  07
....................       data = data << 1;
01DD:  BCF    03.0
01DE:  BCF    03.5
01DF:  RLF    61,F
01E0:  RLF    62,F
01E1:  RLF    63,F
01E2:  RLF    64,F
....................       output_bit(SCK, 0);
01E3:  BCF    07.1
01E4:  BCF    20.1
01E5:  MOVF   20,W
01E6:  BSF    03.5
01E7:  MOVWF  07
....................       if (input(DT1)) data++;
01E8:  BCF    03.5
01E9:  BSF    20.0
01EA:  MOVF   20,W
01EB:  BSF    03.5
01EC:  MOVWF  07
01ED:  BCF    03.5
01EE:  BTFSS  07.0
01EF:  GOTO   1F8
01F0:  MOVLW  01
01F1:  ADDWF  61,F
01F2:  BTFSC  03.0
01F3:  INCF   62,F
01F4:  BTFSC  03.2
01F5:  INCF   63,F
01F6:  BTFSC  03.2
01F7:  INCF   64,F
01F8:  INCF   65,F
01F9:  GOTO   1D4
....................    }
....................    output_bit(SCK, 1);
01FA:  BSF    07.1
01FB:  BCF    20.1
01FC:  MOVF   20,W
01FD:  BSF    03.5
01FE:  MOVWF  07
....................    data = data ^ 0x800000;    // chuy?n mã
01FF:  MOVLW  80
0200:  BCF    03.5
0201:  XORWF  63,F
....................    output_bit(SCK, 0);
0202:  BCF    07.1
0203:  BCF    20.1
0204:  MOVF   20,W
0205:  BSF    03.5
0206:  MOVWF  07
....................    return data;
0207:  BCF    03.5
0208:  MOVF   61,W
0209:  MOVWF  77
020A:  MOVF   62,W
020B:  MOVWF  78
020C:  MOVF   63,W
020D:  MOVWF  79
020E:  MOVF   64,W
020F:  MOVWF  7A
.................... }
.................... 
.................... int32 readAverage(void) {
*
01B3:  CLRF   5F
01B4:  CLRF   5E
01B5:  CLRF   5D
01B6:  CLRF   5C
....................    unsigned int32 sum = 0;
....................    int k;
....................    for (k = 0; k < 10; k++) {
01B7:  CLRF   60
01B8:  MOVF   60,W
01B9:  SUBLW  09
01BA:  BTFSS  03.0
01BB:  GOTO   223
....................       sum += readCount();
*
0210:  MOVF   77,W
0211:  ADDWF  5C,F
0212:  MOVF   78,W
0213:  BTFSC  03.0
0214:  INCFSZ 78,W
0215:  ADDWF  5D,F
0216:  MOVF   79,W
0217:  BTFSC  03.0
0218:  INCFSZ 79,W
0219:  ADDWF  5E,F
021A:  MOVF   7A,W
021B:  BTFSC  03.0
021C:  INCFSZ 7A,W
021D:  ADDWF  5F,F
....................       delay_ms(10);
021E:  MOVLW  0A
021F:  MOVWF  61
0220:  CALL   03F
0221:  INCF   60,F
0222:  GOTO   1B8
....................    }
....................    return sum / 10;
0223:  BCF    03.1
0224:  MOVF   5F,W
0225:  MOVWF  6C
0226:  MOVF   5E,W
0227:  MOVWF  6B
0228:  MOVF   5D,W
0229:  MOVWF  6A
022A:  MOVF   5C,W
022B:  MOVWF  69
022C:  CLRF   70
022D:  CLRF   6F
022E:  CLRF   6E
022F:  MOVLW  0A
0230:  MOVWF  6D
0231:  CALL   164
0232:  RETURN
.................... }
.................... // -------------------------------------
.................... 
.................... void main() {
*
0800:  MOVF   03,W
0801:  ANDLW  1F
0802:  MOVWF  03
0803:  MOVLW  FF
0804:  MOVWF  20
0805:  BSF    20.3
0806:  MOVF   20,W
0807:  BSF    03.5
0808:  MOVWF  07
0809:  BCF    03.5
080A:  BSF    20.4
080B:  MOVF   20,W
080C:  BSF    03.5
080D:  MOVWF  07
080E:  MOVLW  0C
080F:  MOVWF  13
0810:  MOVLW  28
0811:  BCF    03.5
0812:  MOVWF  14
0813:  BSF    03.5
0814:  BCF    14.7
0815:  BCF    14.6
0816:  MOVLW  08
0817:  BCF    03.5
0818:  MOVWF  23
0819:  CLRF   27
081A:  CLRF   26
081B:  MOVLW  5C
081C:  MOVWF  25
081D:  MOVLW  88
081E:  MOVWF  24
081F:  BSF    21.1
0820:  CLRF   29
0821:  CLRF   28
0822:  BSF    03.5
0823:  BSF    1F.0
0824:  BSF    1F.1
0825:  BSF    1F.2
0826:  BCF    1F.3
0827:  MOVLW  07
0828:  MOVWF  1C
0829:  BCF    03.7
....................    setup_adc_ports(NO_ANALOGS);
082A:  BSF    1F.0
082B:  BSF    1F.1
082C:  BSF    1F.2
082D:  BCF    1F.3
....................    setup_adc(ADC_OFF);
082E:  BCF    03.5
082F:  BCF    1F.0
....................    set_tris_a(0x03);   // RA0, RA1 input; RA2 output (LCD_POWER)
0830:  MOVLW  03
0831:  BSF    03.5
0832:  MOVWF  05
....................    // B?t ngu?n LCD module I2C (n?u b?n dùng chân di?u khi?n ngu?n)
....................    output_high(LCD_POWER);
0833:  BCF    05.2
0834:  BCF    03.5
0835:  BSF    05.2
....................    delay_ms(200);
0836:  MOVLW  C8
0837:  MOVWF  61
0838:  BCF    0A.3
0839:  CALL   03F
083A:  BSF    0A.3
....................    // Kh?i t?o LCD I2C: d?a ch? 0x4E (tuong ?ng 0x27 << 1).
....................    // N?u module c?a b?n là 0x3F thì dùng 0x7E.
....................    LCD_Begin(0x4E);
083B:  MOVLW  4E
083C:  MOVWF  5C
083D:  BCF    0A.3
083E:  CALL   09F
083F:  BSF    0A.3
....................    delay_ms(100);
0840:  MOVLW  64
0841:  MOVWF  61
0842:  BCF    0A.3
0843:  CALL   03F
0844:  BSF    0A.3
....................    LCD_Goto(3,1); printf(LCD_Out, "Loading");
0845:  MOVLW  03
0846:  MOVWF  5C
0847:  MOVLW  01
0848:  MOVWF  5D
0849:  BCF    0A.3
084A:  CALL   0D7
084B:  BSF    0A.3
084C:  MOVLW  04
084D:  BSF    03.6
084E:  MOVWF  0D
084F:  MOVLW  00
0850:  MOVWF  0F
0851:  BCF    0A.3
0852:  BCF    03.6
0853:  CALL   10E
0854:  BSF    0A.3
....................    delay_ms(400);
0855:  MOVLW  02
0856:  MOVWF  5C
0857:  MOVLW  C8
0858:  MOVWF  61
0859:  BCF    0A.3
085A:  CALL   03F
085B:  BSF    0A.3
085C:  DECFSZ 5C,F
085D:  GOTO   057
....................    LCD_Goto(3,1); printf(LCD_Out, "Loading.");
085E:  MOVLW  03
085F:  MOVWF  5C
0860:  MOVLW  01
0861:  MOVWF  5D
0862:  BCF    0A.3
0863:  CALL   0D7
0864:  BSF    0A.3
0865:  MOVLW  08
0866:  BSF    03.6
0867:  MOVWF  0D
0868:  MOVLW  00
0869:  MOVWF  0F
086A:  BCF    0A.3
086B:  BCF    03.6
086C:  CALL   10E
086D:  BSF    0A.3
....................    delay_ms(400);
086E:  MOVLW  02
086F:  MOVWF  5C
0870:  MOVLW  C8
0871:  MOVWF  61
0872:  BCF    0A.3
0873:  CALL   03F
0874:  BSF    0A.3
0875:  DECFSZ 5C,F
0876:  GOTO   070
....................    LCD_Goto(3,1); printf(LCD_Out, "Loading..");
0877:  MOVLW  03
0878:  MOVWF  5C
0879:  MOVLW  01
087A:  MOVWF  5D
087B:  BCF    0A.3
087C:  CALL   0D7
087D:  BSF    0A.3
087E:  MOVLW  0D
087F:  BSF    03.6
0880:  MOVWF  0D
0881:  MOVLW  00
0882:  MOVWF  0F
0883:  BCF    0A.3
0884:  BCF    03.6
0885:  CALL   10E
0886:  BSF    0A.3
....................    delay_ms(400);
0887:  MOVLW  02
0888:  MOVWF  5C
0889:  MOVLW  C8
088A:  MOVWF  61
088B:  BCF    0A.3
088C:  CALL   03F
088D:  BSF    0A.3
088E:  DECFSZ 5C,F
088F:  GOTO   089
....................    LCD_Goto(3,1); printf(LCD_Out, "Loading...");
0890:  MOVLW  03
0891:  MOVWF  5C
0892:  MOVLW  01
0893:  MOVWF  5D
0894:  BCF    0A.3
0895:  CALL   0D7
0896:  BSF    0A.3
0897:  MOVLW  12
0898:  BSF    03.6
0899:  MOVWF  0D
089A:  MOVLW  00
089B:  MOVWF  0F
089C:  BCF    0A.3
089D:  BCF    03.6
089E:  CALL   10E
089F:  BSF    0A.3
....................    delay_ms(400);
08A0:  MOVLW  02
08A1:  MOVWF  5C
08A2:  MOVLW  C8
08A3:  MOVWF  61
08A4:  BCF    0A.3
08A5:  CALL   03F
08A6:  BSF    0A.3
08A7:  DECFSZ 5C,F
08A8:  GOTO   0A2
.................... 
....................    {
....................       char name1[] = "Chu Tung Anh";
08A9:  MOVLW  43
08AA:  MOVWF  2A
08AB:  MOVLW  68
08AC:  MOVWF  2B
08AD:  MOVLW  75
08AE:  MOVWF  2C
08AF:  MOVLW  20
08B0:  MOVWF  2D
08B1:  MOVLW  54
08B2:  MOVWF  2E
08B3:  MOVLW  75
08B4:  MOVWF  2F
08B5:  MOVLW  6E
08B6:  MOVWF  30
08B7:  MOVLW  67
08B8:  MOVWF  31
08B9:  MOVLW  20
08BA:  MOVWF  32
08BB:  MOVLW  41
08BC:  MOVWF  33
08BD:  MOVLW  6E
08BE:  MOVWF  34
08BF:  MOVLW  68
08C0:  MOVWF  35
08C1:  CLRF   36
....................       int8 i;
....................       LCD_Goto(3,1);
08C2:  MOVLW  03
08C3:  MOVWF  5C
08C4:  MOVLW  01
08C5:  MOVWF  5D
08C6:  BCF    0A.3
08C7:  CALL   0D7
08C8:  BSF    0A.3
....................       for (i = 0; name1[i] != '\0'; i++) {
08C9:  CLRF   37
08CA:  MOVLW  2A
08CB:  ADDWF  37,W
08CC:  MOVWF  04
08CD:  BCF    03.7
08CE:  MOVF   00,F
08CF:  BTFSC  03.2
08D0:  GOTO   0E2
....................          LCD_Out(name1[i]);
08D1:  MOVLW  2A
08D2:  ADDWF  37,W
08D3:  MOVWF  04
08D4:  BCF    03.7
08D5:  MOVF   00,W
08D6:  MOVWF  5C
08D7:  MOVWF  69
08D8:  BCF    0A.3
08D9:  CALL   0FE
08DA:  BSF    0A.3
....................          delay_ms(120);
08DB:  MOVLW  78
08DC:  MOVWF  61
08DD:  BCF    0A.3
08DE:  CALL   03F
08DF:  BSF    0A.3
08E0:  INCF   37,F
08E1:  GOTO   0CA
....................       }
....................       delay_ms(500);
08E2:  MOVLW  02
08E3:  MOVWF  5C
08E4:  MOVLW  FA
08E5:  MOVWF  61
08E6:  BCF    0A.3
08E7:  CALL   03F
08E8:  BSF    0A.3
08E9:  DECFSZ 5C,F
08EA:  GOTO   0E4
.................... 
....................       char name2[] = "Can dien tu";
08EB:  MOVLW  43
08EC:  MOVWF  38
08ED:  MOVLW  61
08EE:  MOVWF  39
08EF:  MOVLW  6E
08F0:  MOVWF  3A
08F1:  MOVLW  20
08F2:  MOVWF  3B
08F3:  MOVLW  64
08F4:  MOVWF  3C
08F5:  MOVLW  69
08F6:  MOVWF  3D
08F7:  MOVLW  65
08F8:  MOVWF  3E
08F9:  MOVLW  6E
08FA:  MOVWF  3F
08FB:  MOVLW  20
08FC:  MOVWF  40
08FD:  MOVLW  74
08FE:  MOVWF  41
08FF:  MOVLW  75
0900:  MOVWF  42
0901:  CLRF   43
....................       LCD_Goto(3,2);
0902:  MOVLW  03
0903:  MOVWF  5C
0904:  MOVLW  02
0905:  MOVWF  5D
0906:  BCF    0A.3
0907:  CALL   0D7
0908:  BSF    0A.3
....................       for (i = 0; name2[i] != '\0'; i++) {
0909:  CLRF   37
090A:  MOVLW  38
090B:  ADDWF  37,W
090C:  MOVWF  04
090D:  BCF    03.7
090E:  MOVF   00,F
090F:  BTFSC  03.2
0910:  GOTO   122
....................          LCD_Out(name2[i]);
0911:  MOVLW  38
0912:  ADDWF  37,W
0913:  MOVWF  04
0914:  BCF    03.7
0915:  MOVF   00,W
0916:  MOVWF  5C
0917:  MOVWF  69
0918:  BCF    0A.3
0919:  CALL   0FE
091A:  BSF    0A.3
....................          delay_ms(120);
091B:  MOVLW  78
091C:  MOVWF  61
091D:  BCF    0A.3
091E:  CALL   03F
091F:  BSF    0A.3
0920:  INCF   37,F
0921:  GOTO   10A
....................       }
....................       delay_ms(1000);
0922:  MOVLW  04
0923:  MOVWF  5C
0924:  MOVLW  FA
0925:  MOVWF  61
0926:  BCF    0A.3
0927:  CALL   03F
0928:  BSF    0A.3
0929:  DECFSZ 5C,F
092A:  GOTO   124
....................    }
.................... 
....................    // d?c offset ban d?u
....................    unsigned int32 offset = readAverage();
092B:  BCF    0A.3
092C:  CALL   1B3
092D:  BSF    0A.3
092E:  MOVF   7A,W
092F:  MOVWF  47
0930:  MOVF   79,W
0931:  MOVWF  46
0932:  MOVF   78,W
0933:  MOVWF  45
0934:  MOVF   77,W
0935:  MOVWF  44
.................... 
....................    LCD_Goto(3,1); 
0936:  MOVLW  03
0937:  MOVWF  5C
0938:  MOVLW  01
0939:  MOVWF  5D
093A:  BCF    0A.3
093B:  CALL   0D7
093C:  BSF    0A.3
....................    printf(LCD_Out, "                  "); 
093D:  MOVLW  18
093E:  BSF    03.6
093F:  MOVWF  0D
0940:  MOVLW  00
0941:  MOVWF  0F
0942:  BCF    0A.3
0943:  BCF    03.6
0944:  CALL   10E
0945:  BSF    0A.3
....................    LCD_Goto(3,2); 
0946:  MOVLW  03
0947:  MOVWF  5C
0948:  MOVLW  02
0949:  MOVWF  5D
094A:  BCF    0A.3
094B:  CALL   0D7
094C:  BSF    0A.3
....................    printf(LCD_Out, "                  "); 
094D:  MOVLW  22
094E:  BSF    03.6
094F:  MOVWF  0D
0950:  MOVLW  00
0951:  MOVWF  0F
0952:  BCF    0A.3
0953:  BCF    03.6
0954:  CALL   10E
0955:  BSF    0A.3
....................    LCD_Goto(4,1); 
0956:  MOVLW  04
0957:  MOVWF  5C
0958:  MOVLW  01
0959:  MOVWF  5D
095A:  BCF    0A.3
095B:  CALL   0D7
095C:  BSF    0A.3
....................    printf(LCD_Out, "San sang!");
095D:  MOVLW  2C
095E:  BSF    03.6
095F:  MOVWF  0D
0960:  MOVLW  00
0961:  MOVWF  0F
0962:  BCF    0A.3
0963:  BCF    03.6
0964:  CALL   10E
0965:  BSF    0A.3
....................    delay_ms(1000);
0966:  MOVLW  04
0967:  MOVWF  5C
0968:  MOVLW  FA
0969:  MOVWF  61
096A:  BCF    0A.3
096B:  CALL   03F
096C:  BSF    0A.3
096D:  DECFSZ 5C,F
096E:  GOTO   168
....................    LCD_Goto(4,1);
096F:  MOVLW  04
0970:  MOVWF  5C
0971:  MOVLW  01
0972:  MOVWF  5D
0973:  BCF    0A.3
0974:  CALL   0D7
0975:  BSF    0A.3
....................    printf(LCD_Out,"CAN NANG:");
0976:  MOVLW  31
0977:  BSF    03.6
0978:  MOVWF  0D
0979:  MOVLW  00
097A:  MOVWF  0F
097B:  BCF    0A.3
097C:  BCF    03.6
097D:  CALL   10E
097E:  BSF    0A.3
....................     float last_grams = -1.0;
097F:  CLRF   4B
0980:  CLRF   4A
0981:  MOVLW  80
0982:  MOVWF  49
0983:  MOVLW  7F
0984:  MOVWF  48
.................... 
....................    while(TRUE) {
....................    
....................        /* ===== NÚT ON/OFF ===== */
....................        if (!input(ONOFF_BTN)) {
0985:  BSF    03.5
0986:  BSF    05.1
0987:  BCF    03.5
0988:  BTFSC  05.1
0989:  GOTO   1D0
....................            delay_ms(30);
098A:  MOVLW  1E
098B:  MOVWF  61
098C:  BCF    0A.3
098D:  CALL   03F
098E:  BSF    0A.3
....................            if (!input(ONOFF_BTN)) {
098F:  BSF    03.5
0990:  BSF    05.1
0991:  BCF    03.5
0992:  BTFSC  05.1
0993:  GOTO   1D0
....................                system_on = !system_on;
0994:  MOVLW  02
0995:  XORWF  21,F
....................    
....................                if (system_on) {
0996:  BTFSS  21.1
0997:  GOTO   1C2
....................                    output_high(LCD_POWER);
0998:  BSF    03.5
0999:  BCF    05.2
099A:  BCF    03.5
099B:  BSF    05.2
....................                    delay_ms(150);
099C:  MOVLW  96
099D:  MOVWF  61
099E:  BCF    0A.3
099F:  CALL   03F
09A0:  BSF    0A.3
....................                    LCD_Begin(0x4E);
09A1:  MOVLW  4E
09A2:  MOVWF  5C
09A3:  BCF    0A.3
09A4:  CALL   09F
09A5:  BSF    0A.3
....................                    offset = readAverage();
09A6:  BCF    0A.3
09A7:  CALL   1B3
09A8:  BSF    0A.3
09A9:  MOVF   7A,W
09AA:  MOVWF  47
09AB:  MOVF   79,W
09AC:  MOVWF  46
09AD:  MOVF   78,W
09AE:  MOVWF  45
09AF:  MOVF   77,W
09B0:  MOVWF  44
....................    
....................                    LCD_Goto(4,1);
09B1:  MOVLW  04
09B2:  MOVWF  5C
09B3:  MOVLW  01
09B4:  MOVWF  5D
09B5:  BCF    0A.3
09B6:  CALL   0D7
09B7:  BSF    0A.3
....................                    printf(LCD_Out,"CAN NANG:");
09B8:  MOVLW  36
09B9:  BSF    03.6
09BA:  MOVWF  0D
09BB:  MOVLW  00
09BC:  MOVWF  0F
09BD:  BCF    0A.3
09BE:  BCF    03.6
09BF:  CALL   10E
09C0:  BSF    0A.3
.................... } else {
09C1:  GOTO   1C6
....................                    output_low(LCD_POWER);
09C2:  BSF    03.5
09C3:  BCF    05.2
09C4:  BCF    03.5
09C5:  BCF    05.2
....................                }
....................    
....................                while (!input(ONOFF_BTN));
09C6:  BSF    03.5
09C7:  BSF    05.1
09C8:  BCF    03.5
09C9:  BTFSS  05.1
09CA:  GOTO   1C6
....................                delay_ms(50);
09CB:  MOVLW  32
09CC:  MOVWF  61
09CD:  BCF    0A.3
09CE:  CALL   03F
09CF:  BSF    0A.3
....................            }
....................        }
....................    
....................        if (!system_on) {
09D0:  BTFSC  21.1
09D1:  GOTO   1D8
....................            delay_ms(100);
09D2:  MOVLW  64
09D3:  MOVWF  61
09D4:  BCF    0A.3
09D5:  CALL   03F
09D6:  BSF    0A.3
....................            continue;
09D7:  GOTO   185
....................        }
....................    
....................        /* ===== NÚT RESET (TARE) ===== */
....................        if (!input(RESET_BTN)) {
09D8:  BSF    03.5
09D9:  BSF    05.0
09DA:  BCF    03.5
09DB:  BTFSC  05.0
09DC:  GOTO   202
....................            delay_ms(30);
09DD:  MOVLW  1E
09DE:  MOVWF  61
09DF:  BCF    0A.3
09E0:  CALL   03F
09E1:  BSF    0A.3
....................            if (!input(RESET_BTN)) {
09E2:  BSF    03.5
09E3:  BSF    05.0
09E4:  BCF    03.5
09E5:  BTFSC  05.0
09E6:  GOTO   202
....................                offset = readAverage();   // tare
09E7:  BCF    0A.3
09E8:  CALL   1B3
09E9:  BSF    0A.3
09EA:  MOVF   7A,W
09EB:  MOVWF  47
09EC:  MOVF   79,W
09ED:  MOVWF  46
09EE:  MOVF   78,W
09EF:  MOVWF  45
09F0:  MOVF   77,W
09F1:  MOVWF  44
....................                last_grams = -1.0;
09F2:  CLRF   4B
09F3:  CLRF   4A
09F4:  MOVLW  80
09F5:  MOVWF  49
09F6:  MOVLW  7F
09F7:  MOVWF  48
....................                while (!input(RESET_BTN));
09F8:  BSF    03.5
09F9:  BSF    05.0
09FA:  BCF    03.5
09FB:  BTFSS  05.0
09FC:  GOTO   1F8
....................                delay_ms(50);
09FD:  MOVLW  32
09FE:  MOVWF  61
09FF:  BCF    0A.3
0A00:  CALL   03F
0A01:  BSF    0A.3
....................            }
....................        }
....................    
....................        /* ===== Ð?C CÂN ===== */
....................        unsigned int32 raw = readAverage();
....................        signed int32 delta = (signed int32)raw - (signed int32)offset;
0A02:  BCF    0A.3
0A03:  CALL   1B3
0A04:  BSF    0A.3
0A05:  MOVF   7A,W
0A06:  MOVWF  4F
0A07:  MOVF   79,W
0A08:  MOVWF  4E
0A09:  MOVF   78,W
0A0A:  MOVWF  4D
0A0B:  MOVF   77,W
0A0C:  MOVWF  4C
0A0D:  MOVF   44,W
0A0E:  SUBWF  4C,W
0A0F:  MOVWF  50
0A10:  MOVF   4D,W
0A11:  MOVWF  51
0A12:  MOVF   45,W
0A13:  BTFSS  03.0
0A14:  INCFSZ 45,W
0A15:  SUBWF  51,F
0A16:  MOVF   4E,W
0A17:  MOVWF  52
0A18:  MOVF   46,W
0A19:  BTFSS  03.0
0A1A:  INCFSZ 46,W
0A1B:  SUBWF  52,F
0A1C:  MOVF   4F,W
0A1D:  MOVWF  53
0A1E:  MOVF   47,W
0A1F:  BTFSS  03.0
0A20:  INCFSZ 47,W
0A21:  SUBWF  53,F
....................        if (delta < 0) delta = 0;
0A22:  BTFSC  53.7
0A23:  GOTO   225
0A24:  GOTO   229
0A25:  CLRF   53
0A26:  CLRF   52
0A27:  CLRF   51
0A28:  CLRF   50
....................    
....................        float grams = (float)delta / SCALE;
0A29:  MOVF   53,W
0A2A:  MOVWF  5F
0A2B:  MOVF   52,W
0A2C:  MOVWF  5E
0A2D:  MOVF   51,W
0A2E:  MOVWF  5D
0A2F:  MOVF   50,W
0A30:  MOVWF  5C
0A31:  BCF    0A.3
0A32:  GOTO   233
0A33:  BSF    0A.3
0A34:  MOVF   7A,W
0A35:  MOVWF  5F
0A36:  MOVF   79,W
0A37:  MOVWF  5E
0A38:  MOVF   78,W
0A39:  MOVWF  5D
0A3A:  MOVF   77,W
0A3B:  MOVWF  5C
0A3C:  MOVF   5F,W
0A3D:  MOVWF  63
0A3E:  MOVF   5E,W
0A3F:  MOVWF  62
0A40:  MOVF   5D,W
0A41:  MOVWF  61
0A42:  MOVF   5C,W
0A43:  MOVWF  60
0A44:  MOVF   27,W
0A45:  MOVWF  67
0A46:  MOVF   26,W
0A47:  MOVWF  66
0A48:  MOVF   25,W
0A49:  MOVWF  65
0A4A:  MOVF   24,W
0A4B:  MOVWF  64
0A4C:  BCF    0A.3
0A4D:  CALL   263
0A4E:  BSF    0A.3
0A4F:  MOVF   7A,W
0A50:  MOVWF  57
0A51:  MOVF   79,W
0A52:  MOVWF  56
0A53:  MOVF   78,W
0A54:  MOVWF  55
0A55:  MOVF   77,W
0A56:  MOVWF  54
....................    
....................        /* ===== CH?NG RUNG + NGU?NG ===== */
....................        if (grams < 0.2) grams = 0.0;          // dead zone
0A57:  MOVF   57,W
0A58:  MOVWF  5F
0A59:  MOVF   56,W
0A5A:  MOVWF  5E
0A5B:  MOVF   55,W
0A5C:  MOVWF  5D
0A5D:  MOVF   54,W
0A5E:  MOVWF  5C
0A5F:  MOVLW  CD
0A60:  MOVWF  63
0A61:  MOVLW  CC
0A62:  MOVWF  62
0A63:  MOVLW  4C
0A64:  MOVWF  61
0A65:  MOVLW  7C
0A66:  MOVWF  60
0A67:  BCF    0A.3
0A68:  CALL   32D
0A69:  BSF    0A.3
0A6A:  BTFSS  03.0
0A6B:  GOTO   270
0A6C:  CLRF   57
0A6D:  CLRF   56
0A6E:  CLRF   55
0A6F:  CLRF   54
....................        grams = ((int)(grams * 10 + 0.5)) / 10.0;  // làm tròn 0.1g
0A70:  MOVF   57,W
0A71:  MOVWF  6C
0A72:  MOVF   56,W
0A73:  MOVWF  6B
0A74:  MOVF   55,W
0A75:  MOVWF  6A
0A76:  MOVF   54,W
0A77:  MOVWF  69
0A78:  CLRF   70
0A79:  CLRF   6F
0A7A:  MOVLW  20
0A7B:  MOVWF  6E
0A7C:  MOVLW  82
0A7D:  MOVWF  6D
0A7E:  BCF    0A.3
0A7F:  CALL   36C
0A80:  BSF    0A.3
0A81:  MOVF   7A,W
0A82:  MOVWF  5F
0A83:  MOVF   79,W
0A84:  MOVWF  5E
0A85:  MOVF   78,W
0A86:  MOVWF  5D
0A87:  MOVF   77,W
0A88:  MOVWF  5C
0A89:  BCF    03.1
0A8A:  MOVF   5F,W
0A8B:  MOVWF  63
0A8C:  MOVF   5E,W
0A8D:  MOVWF  62
0A8E:  MOVF   5D,W
0A8F:  MOVWF  61
0A90:  MOVF   5C,W
0A91:  MOVWF  60
0A92:  CLRF   67
0A93:  CLRF   66
0A94:  CLRF   65
0A95:  MOVLW  7E
0A96:  MOVWF  64
0A97:  BCF    0A.3
0A98:  CALL   3E1
0A99:  BSF    0A.3
0A9A:  MOVF   7A,W
0A9B:  MOVWF  5F
0A9C:  MOVF   79,W
0A9D:  MOVWF  5E
0A9E:  MOVF   78,W
0A9F:  MOVWF  5D
0AA0:  MOVF   77,W
0AA1:  MOVWF  5C
0AA2:  BCF    0A.3
0AA3:  GOTO   522
0AA4:  BSF    0A.3
0AA5:  CLRF   5E
0AA6:  MOVF   78,W
0AA7:  MOVWF  5D
0AA8:  BCF    0A.3
0AA9:  GOTO   543
0AAA:  BSF    0A.3
0AAB:  MOVF   7A,W
0AAC:  MOVWF  63
0AAD:  MOVF   79,W
0AAE:  MOVWF  62
0AAF:  MOVF   78,W
0AB0:  MOVWF  61
0AB1:  MOVF   77,W
0AB2:  MOVWF  60
0AB3:  CLRF   67
0AB4:  CLRF   66
0AB5:  MOVLW  20
0AB6:  MOVWF  65
0AB7:  MOVLW  82
0AB8:  MOVWF  64
0AB9:  BCF    0A.3
0ABA:  CALL   263
0ABB:  BSF    0A.3
0ABC:  MOVF   7A,W
0ABD:  MOVWF  57
0ABE:  MOVF   79,W
0ABF:  MOVWF  56
0AC0:  MOVF   78,W
0AC1:  MOVWF  55
0AC2:  MOVF   77,W
0AC3:  MOVWF  54
....................    
....................        float diff = grams - last_grams;
0AC4:  BSF    03.1
0AC5:  MOVF   57,W
0AC6:  MOVWF  63
0AC7:  MOVF   56,W
0AC8:  MOVWF  62
0AC9:  MOVF   55,W
0ACA:  MOVWF  61
0ACB:  MOVF   54,W
0ACC:  MOVWF  60
0ACD:  MOVF   4B,W
0ACE:  MOVWF  67
0ACF:  MOVF   4A,W
0AD0:  MOVWF  66
0AD1:  MOVF   49,W
0AD2:  MOVWF  65
0AD3:  MOVF   48,W
0AD4:  MOVWF  64
0AD5:  BCF    0A.3
0AD6:  CALL   3E1
0AD7:  BSF    0A.3
0AD8:  MOVF   7A,W
0AD9:  MOVWF  5B
0ADA:  MOVF   79,W
0ADB:  MOVWF  5A
0ADC:  MOVF   78,W
0ADD:  MOVWF  59
0ADE:  MOVF   77,W
0ADF:  MOVWF  58
....................        if (diff < 0) diff = -diff;
0AE0:  MOVF   5B,W
0AE1:  MOVWF  5F
0AE2:  MOVF   5A,W
0AE3:  MOVWF  5E
0AE4:  MOVF   59,W
0AE5:  MOVWF  5D
0AE6:  MOVF   58,W
0AE7:  MOVWF  5C
0AE8:  CLRF   63
0AE9:  CLRF   62
0AEA:  CLRF   61
0AEB:  CLRF   60
0AEC:  BCF    0A.3
0AED:  CALL   32D
0AEE:  BSF    0A.3
0AEF:  BTFSS  03.0
0AF0:  GOTO   2F4
0AF1:  MOVF   59,W
0AF2:  XORLW  80
0AF3:  MOVWF  59
....................    
....................        /* ===== HI?N TH? ===== */
....................        if (diff >= 0.1) {
0AF4:  MOVLW  CD
0AF5:  MOVWF  5F
0AF6:  MOVLW  CC
0AF7:  MOVWF  5E
0AF8:  MOVLW  4C
0AF9:  MOVWF  5D
0AFA:  MOVLW  7B
0AFB:  MOVWF  5C
0AFC:  MOVF   5B,W
0AFD:  MOVWF  63
0AFE:  MOVF   5A,W
0AFF:  MOVWF  62
0B00:  MOVF   59,W
0B01:  MOVWF  61
0B02:  MOVF   58,W
0B03:  MOVWF  60
0B04:  BCF    0A.3
0B05:  CALL   32D
0B06:  BSF    0A.3
0B07:  BTFSC  03.0
0B08:  GOTO   30B
0B09:  BTFSS  03.2
0B0A:  GOTO   343
....................            LCD_Goto(4,2);
0B0B:  MOVLW  04
0B0C:  MOVWF  5C
0B0D:  MOVLW  02
0B0E:  MOVWF  5D
0B0F:  BCF    0A.3
0B10:  CALL   0D7
0B11:  BSF    0A.3
....................            printf(LCD_Out,"      ");
0B12:  MOVLW  3B
0B13:  BSF    03.6
0B14:  MOVWF  0D
0B15:  MOVLW  00
0B16:  MOVWF  0F
0B17:  BCF    0A.3
0B18:  BCF    03.6
0B19:  CALL   10E
0B1A:  BSF    0A.3
....................            LCD_Goto(4,2);
0B1B:  MOVLW  04
0B1C:  MOVWF  5C
0B1D:  MOVLW  02
0B1E:  MOVWF  5D
0B1F:  BCF    0A.3
0B20:  CALL   0D7
0B21:  BSF    0A.3
....................            printf(LCD_Out,"%4.1f g", grams);
0B22:  MOVLW  03
0B23:  MOVWF  04
0B24:  MOVF   57,W
0B25:  MOVWF  5F
0B26:  MOVF   56,W
0B27:  MOVWF  5E
0B28:  MOVF   55,W
0B29:  MOVWF  5D
0B2A:  MOVF   54,W
0B2B:  MOVWF  5C
0B2C:  MOVLW  01
0B2D:  MOVWF  60
0B2E:  BCF    0A.3
0B2F:  GOTO   562
0B30:  BSF    0A.3
0B31:  MOVLW  20
0B32:  MOVWF  69
0B33:  BCF    0A.3
0B34:  CALL   0FE
0B35:  BSF    0A.3
0B36:  MOVLW  67
0B37:  MOVWF  69
0B38:  BCF    0A.3
0B39:  CALL   0FE
0B3A:  BSF    0A.3
....................            last_grams = grams;
0B3B:  MOVF   57,W
0B3C:  MOVWF  4B
0B3D:  MOVF   56,W
0B3E:  MOVWF  4A
0B3F:  MOVF   55,W
0B40:  MOVWF  49
0B41:  MOVF   54,W
0B42:  MOVWF  48
....................        }
....................    
....................        delay_ms(300);
0B43:  MOVLW  02
0B44:  MOVWF  5C
0B45:  MOVLW  96
0B46:  MOVWF  61
0B47:  BCF    0A.3
0B48:  CALL   03F
0B49:  BSF    0A.3
0B4A:  DECFSZ 5C,F
0B4B:  GOTO   345
0B4C:  GOTO   185
....................    }
.................... 
.................... }
0B4D:  SLEEP

Configuration Fuses:
   Word  1: 3F3A   HS NOWDT NOPUT NOBROWNOUT NOLVP NOCPD NOWRT NODEBUG NOPROTECT
