
ROM used:   2283/8192 (28%)
            2602/8192 (32%) including unused fragments

            2.4 Average locations per line
            19.5 Average locations per statement

RAM used:   43/368 (12%) at main() level
            65/368 (18%) worst case

Stack used: 5 worst case (5 in main + 0 for interrupts)
Stack size: 8

Lines Stmts  %   Files
----- ----- ---  -----
  113    70  60  hx711(run).c
  708     0   0  C:\Program Files (x86)\PICC\Devices\16f877a.h
  117    47  40  I2C_LCD.c
----- -----
  938   117 Total

Page ROM  %  RAM    Vol Diff  Functions:
---- --- --- ---    --- ----  ----------
0     20   1    1             @delay_ms1
0     16   1    1             @I2C_WRITEU_129
0     25   1    2    153  2.7  LCD_Write_Nibble
0     16   1    2    104  2.6  LCD_Cmd
0     39   2    3    323  5.5  LCD_Goto
0     16   1    2    104  2.6  LCD_Out
0     58   3    1    502  2.9  LCD_Begin
0     19   1    2    117  2.3  Expander_Write
 Inline         8    650  7.0  readCount
0    163   7    5    168  4.4  readAverage
0     79   3   13             @DIV3232
1    554  24   24   1753  8.8  MAIN
0      7   0    0             @const739
0     86   4    4             @PSTRINGC7_716
0      5   0    0             @const744
0      7   0    0             @const746
0     48   2    5             @SDTOF
0    204   9   14             @DIVFF
0     63   3   10             @FLT
0    323  14   16             @ADDFF
0      7   0    0             @const762
0     87   4    5             @PSTRINGCN7_716
0     89   4   12             @PRINTF_L32U_716
0      7   0    0             @const767
 Inline        13             @MULFF
 Inline         5             @FTOSD
0    341  15   13             @PRINTF_L32D_716FPFPF
 Inline         0             @cinit1

Program metrics:
    Functions               9
    Statements              117
    Comments                131
    Volume (V)              5662
    Difficulty (D)          37.3
    Effort to implement (E) 211450
    Time to implement (T)   3 hours, 16 minutes
    Est Delivered Bugs (B)  1
    Cyclomatic Complexity   14
    Maintainability (MI)    77

 Segment     Used  Free
-----------  ----  ----
00000-00003     4  0  
00004-007FF  1725  319  
00800-00FFF   554  1494  
01000-017FF     0  2048  
01800-01FFF     0  2048  



