
ROM used:   2450/8192 (30%)
            2894/8192 (35%) including unused fragments

            1.9 Average locations per line
            14.9 Average locations per statement

RAM used:   69/368 (19%) at main() level
            91/368 (25%) worst case

Stack used: 5 worst case (5 in main + 0 for interrupts)
Stack size: 8

Lines Stmts  %   Files
----- ----- ---  -----
  170   117  71  hx711_l2.c
  708     0   0  C:\Program Files (x86)\PICC\Devices\16f877a.h
  319     0   0  C:\Program Files (x86)\PICC\Devices\def_877a.h
  117    47  29  I2C_LCD.c
----- -----
 1314   164 Total

Page ROM  %  RAM    Vol Diff  Functions:
---- --- --- ---    --- ----  ----------
0     20   1    1             @delay_ms1
0     16   1    1             @I2C_WRITEU_129
0     25   1    2    153  2.7  LCD_Write_Nibble
0     16   1    2    104  2.6  LCD_Cmd
0     39   2    3    323  5.5  LCD_Goto
0     16   1    2    104  2.6  LCD_Out
0     56   2    1    502  2.9  LCD_Begin
0     19   1    2    117  2.3  Expander_Write
 Inline         6    531  6.4  readCount
0    128   5    5    191  4.5  readAverage
0     79   3   13             @DIV3232
1    846  35   54   3873 10.4  MAIN
0      4   0    0             @const954
0     86   4    4             @PSTRINGC7_932
0      5   0    0             @const959
0      5   0    0             @const960
0      6   0    0             @const961
0     10   0    0             @const966
0     10   0    0             @const967
0      5   0    0             @const968
0      5   0    0             @const969
0      5   0    0             @const971
0     48   2    5             @SDTOF
0    202   8   14             @DIVFF
0     63   3   10             @FLT
0    117   5   13             @MULFF
0    321  13   16             @ADDFF
0     33   1    4             @SFTOI
0     31   1    2             @ITOF
0      4   0    0             @const994
 Inline         5             @FTOSD
0    226   9   13             @PRINTF_L32D_932FPFPF
 Inline         0             @cinit1

Program metrics:
    Functions               9
    Statements              164
    Comments                173
    Volume (V)              7936
    Difficulty (D)          38.9
    Effort to implement (E) 308320
    Time to implement (T)   4 hours, 45 minutes
    Est Delivered Bugs (B)  2
    Cyclomatic Complexity   19
    Maintainability (MI)    113

 Segment     Used  Free
-----------  ----  ----
00000-00003     4  0  
00004-007FF  1600  444  
00800-00FFF   846  1202  
01000-017FF     0  2048  
01800-01FFF     0  2048  



