
ROM used:   2159/8192 (26%)
            2690/8192 (33%) including unused fragments

            1.7 Average locations per line
            14.2 Average locations per statement

RAM used:   65/368 (18%) at main() level
            87/368 (24%) worst case

Stack used: 5 worst case (5 in main + 0 for interrupts)
Stack size: 8

Lines Stmts  %   Files
----- ----- ---  -----
  150   105  69  hx711.c
  708     0   0  C:\Program Files (x86)\PICC\Devices\16f877a.h
  319     0   0  C:\Program Files (x86)\PICC\Devices\def_877a.h
  117    47  31  I2C_LCD.c
----- -----
 1294   152 Total

Page ROM  %  RAM    Vol Diff  Functions:
---- --- --- ---    --- ----  ----------
0     20   1    1             @delay_ms1
0     16   1    1             @I2C_WRITEU_129
0     25   1    2    153  2.7  LCD_Write_Nibble
0     16   1    2    104  2.6  LCD_Cmd
0     39   2    3    323  5.5  LCD_Goto
0     16   1    2    104  2.6  LCD_Out
0     56   3    1    502  2.9  LCD_Begin
0     19   1    2    117  2.3  Expander_Write
 Inline         6    531  6.4  readCount
0    128   6    5    191  4.5  readAverage
0     79   4   13             @DIV3232
1    642  30   50   3231  9.9  MAIN
0      4   0    0             @const954
0     86   4    4             @PSTRINGC7_932
0      5   0    0             @const959
0      5   0    0             @const960
0      6   0    0             @const961
0      5   0    0             @const966
0      7   0    0             @const967
0     48   2    5             @SDTOF
0    204   9   14             @DIVFF
0    323  15   16             @ADDFF
0     65   3   10             @FLT
 Inline        13             @MULFF
 Inline         5             @FTOSD
0    341  16   13             @PRINTF_L32D_932FPFPF
 Inline         0             @cinit1

Program metrics:
    Functions               9
    Statements              152
    Comments                168
    Volume (V)              7211
    Difficulty (D)          38.7
    Effort to implement (E) 278829
    Time to implement (T)   4 hours, 18 minutes
    Est Delivered Bugs (B)  1
    Cyclomatic Complexity   17
    Maintainability (MI)    110

 Segment     Used  Free
-----------  ----  ----
00000-00003     4  0  
00004-007FF  1513  531  
00800-00FFF   642  1406  
01000-017FF     0  2048  
01800-01FFF     0  2048  



